[    0.000000] Initializing cgroup subsys cpuset
[    0.000000] Initializing cgroup subsys cpu
[    0.000000] Initializing cgroup subsys cpuacct
[    0.000000] Linux version 4.4.0-81-generic (buildd@lgw01-02) (gcc version 5.4.0 20160609 (Ubuntu 5.4.0-6ubuntu1~16.04.4) ) #104-Ubuntu SMP Wed Jun 14 08:17:06 UTC 2017 (Ubuntu 4.4.0-81.104-generic 4.4.67)
[    0.000000] Command line: BOOT_IMAGE=/boot/vmlinuz-4.4.0-81-generic root=LABEL=cloudimg-rootfs ro console=tty1 console=ttyS0
[    0.000000] KERNEL supported cpus:
[    0.000000]   Intel GenuineIntel
[    0.000000]   AMD AuthenticAMD
[    0.000000]   Centaur CentaurHauls
[    0.000000] x86/fpu: xstate_offset[2]:  576, xstate_sizes[2]:  256
[    0.000000] x86/fpu: Supporting XSAVE feature 0x01: 'x87 floating point registers'
[    0.000000] x86/fpu: Supporting XSAVE feature 0x02: 'SSE registers'
[    0.000000] x86/fpu: Supporting XSAVE feature 0x04: 'AVX registers'
[    0.000000] x86/fpu: Enabled xstate features 0x7, context size is 832 bytes, using 'standard' format.
[    0.000000] x86/fpu: Using 'lazy' FPU context switches.
[    0.000000] e820: BIOS-provided physical RAM map:
[    0.000000] BIOS-e820: [mem 0x0000000000000000-0x000000000009fbff] usable
[    0.000000] BIOS-e820: [mem 0x000000000009fc00-0x000000000009ffff] reserved
[    0.000000] BIOS-e820: [mem 0x00000000000f0000-0x00000000000fffff] reserved
[    0.000000] BIOS-e820: [mem 0x0000000000100000-0x000000001ffeffff] usable
[    0.000000] BIOS-e820: [mem 0x000000001fff0000-0x000000001fffffff] ACPI data
[    0.000000] BIOS-e820: [mem 0x00000000fec00000-0x00000000fec00fff] reserved
[    0.000000] BIOS-e820: [mem 0x00000000fee00000-0x00000000fee00fff] reserved
[    0.000000] BIOS-e820: [mem 0x00000000fffc0000-0x00000000ffffffff] reserved
[    0.000000] NX (Execute Disable) protection: active
[    0.000000] SMBIOS 2.5 present.
[    0.000000] Hypervisor detected: KVM
[    0.000000] e820: last_pfn = 0x1fff0 max_arch_pfn = 0x400000000
[    0.000000] MTRR: Disabled
[    0.000000] x86/PAT: MTRRs disabled, skipping PAT initialization too.
[    0.000000] x86/PAT: Configuration [0-7]: WB  WT  UC- UC  WB  WT  UC- UC  
[    0.000000] CPU MTRRs all blank - virtualized system.
[    0.000000] found SMP MP-table at [mem 0x0009fff0-0x0009ffff] mapped at [ffff88000009fff0]
[    0.000000] Scanning 1 areas for low memory corruption
[    0.000000] RAMDISK: [mem 0x1ece1000-0x1f767fff]
[    0.000000] ACPI: Early table checksum verification disabled
[    0.000000] ACPI: RSDP 0x00000000000E0000 000024 (v02 VBOX  )
[    0.000000] ACPI: XSDT 0x000000001FFF0030 00003C (v01 VBOX   VBOXXSDT 00000001 ASL  00000061)
[    0.000000] ACPI: FACP 0x000000001FFF00F0 0000F4 (v04 VBOX   VBOXFACP 00000001 ASL  00000061)
[    0.000000] ACPI: DSDT 0x000000001FFF0470 00210F (v01 VBOX   VBOXBIOS 00000002 INTL 20100528)
[    0.000000] ACPI: FACS 0x000000001FFF0200 000040
[    0.000000] ACPI: FACS 0x000000001FFF0200 000040
[    0.000000] ACPI: APIC 0x000000001FFF0240 00005C (v02 VBOX   VBOXAPIC 00000001 ASL  00000061)
[    0.000000] ACPI: SSDT 0x000000001FFF02A0 0001CC (v01 VBOX   VBOXCPUT 00000002 INTL 20100528)
[    0.000000] No NUMA configuration found
[    0.000000] Faking a node at [mem 0x0000000000000000-0x000000001ffeffff]
[    0.000000] NODE_DATA(0) allocated [mem 0x1ffeb000-0x1ffeffff]
[    0.000000] kvm-clock: Using msrs 4b564d01 and 4b564d00
[    0.000000] kvm-clock: cpu 0, msr 0:1ffe3001, primary cpu clock
[    0.000000] kvm-clock: using sched offset of 3023015799 cycles
[    0.000000] clocksource: kvm-clock: mask: 0xffffffffffffffff max_cycles: 0x1cd42e4dffb, max_idle_ns: 881590591483 ns
[    0.000000] Zone ranges:
[    0.000000]   DMA      [mem 0x0000000000001000-0x0000000000ffffff]
[    0.000000]   DMA32    [mem 0x0000000001000000-0x000000001ffeffff]
[    0.000000]   Normal   empty
[    0.000000]   Device   empty
[    0.000000] Movable zone start for each node
[    0.000000] Early memory node ranges
[    0.000000]   node   0: [mem 0x0000000000001000-0x000000000009efff]
[    0.000000]   node   0: [mem 0x0000000000100000-0x000000001ffeffff]
[    0.000000] Initmem setup node 0 [mem 0x0000000000001000-0x000000001ffeffff]
[    0.000000] ACPI: PM-Timer IO Port: 0x4008
[    0.000000] IOAPIC[0]: apic_id 2, version 32, address 0xfec00000, GSI 0-23
[    0.000000] ACPI: INT_SRC_OVR (bus 0 bus_irq 0 global_irq 2 dfl dfl)
[    0.000000] ACPI: INT_SRC_OVR (bus 0 bus_irq 9 global_irq 9 high level)
[    0.000000] Using ACPI (MADT) for SMP configuration information
[    0.000000] smpboot: Allowing 2 CPUs, 0 hotplug CPUs
[    0.000000] PM: Registered nosave memory: [mem 0x00000000-0x00000fff]
[    0.000000] PM: Registered nosave memory: [mem 0x0009f000-0x0009ffff]
[    0.000000] PM: Registered nosave memory: [mem 0x000a0000-0x000effff]
[    0.000000] PM: Registered nosave memory: [mem 0x000f0000-0x000fffff]
[    0.000000] e820: [mem 0x20000000-0xfebfffff] available for PCI devices
[    0.000000] Booting paravirtualized kernel on KVM
[    0.000000] clocksource: refined-jiffies: mask: 0xffffffff max_cycles: 0xffffffff, max_idle_ns: 7645519600211568 ns
[    0.000000] setup_percpu: NR_CPUS:512 nr_cpumask_bits:512 nr_cpu_ids:2 nr_node_ids:1
[    0.000000] PERCPU: Embedded 33 pages/cpu @ffff88001fc00000 s98264 r8192 d28712 u1048576
[    0.000000] PV qspinlock hash table entries: 256 (order: 0, 4096 bytes)
[    0.000000] Built 1 zonelists in Node order, mobility grouping on.  Total pages: 128889
[    0.000000] Policy zone: DMA32
[    0.000000] Kernel command line: BOOT_IMAGE=/boot/vmlinuz-4.4.0-81-generic root=LABEL=cloudimg-rootfs ro console=tty1 console=ttyS0
[    0.000000] PID hash table entries: 2048 (order: 2, 16384 bytes)
[    0.000000] Memory: 485720K/523832K available (8469K kernel code, 1294K rwdata, 3984K rodata, 1484K init, 1316K bss, 38112K reserved, 0K cma-reserved)
[    0.000000] SLUB: HWalign=64, Order=0-3, MinObjects=0, CPUs=2, Nodes=1
[    0.000000] Hierarchical RCU implementation.
[    0.000000] 	Build-time adjustment of leaf fanout to 64.
[    0.000000] 	RCU restricting CPUs from NR_CPUS=512 to nr_cpu_ids=2.
[    0.000000] RCU: Adjusting geometry for rcu_fanout_leaf=64, nr_cpu_ids=2
[    0.000000] NR_IRQS:33024 nr_irqs:440 16
[    0.000000] Console: colour VGA+ 80x25
[    0.000000] console [tty1] enabled
[    0.000000] console [ttyS0] enabled
[    0.000000] tsc: Detected 2593.748 MHz processor
[    2.311931] Calibrating delay loop (skipped) preset value.. 5187.49 BogoMIPS (lpj=10374992)
[    2.316641] pid_max: default: 32768 minimum: 301
[    2.317939] ACPI: Core revision 20150930
[    2.321627] ACPI: 2 ACPI AML tables successfully acquired and loaded
[    2.325348] Security Framework initialized
[    2.326536] Yama: becoming mindful.
[    2.331085] AppArmor: AppArmor initialized
[    2.332361] Dentry cache hash table entries: 65536 (order: 7, 524288 bytes)
[    2.338762] Inode-cache hash table entries: 32768 (order: 6, 262144 bytes)
[    2.341727] Mount-cache hash table entries: 1024 (order: 1, 8192 bytes)
[    2.348197] Mountpoint-cache hash table entries: 1024 (order: 1, 8192 bytes)
[    2.362166] Initializing cgroup subsys io
[    2.366877] Initializing cgroup subsys memory
[    2.371627] Initializing cgroup subsys devices
[    2.372953] Initializing cgroup subsys freezer
[    2.377937] Initializing cgroup subsys net_cls
[    2.380731] Initializing cgroup subsys perf_event
[    2.386757] Initializing cgroup subsys net_prio
[    2.388046] Initializing cgroup subsys hugetlb
[    2.391915] Initializing cgroup subsys pids
[    2.396805] CPU: Physical Processor ID: 0
[    2.402073] CPU: Processor Core ID: 0
[    2.405768] mce: CPU supports 0 MCE banks
[    2.408032] Last level iTLB entries: 4KB 512, 2MB 8, 4MB 8
[    2.412325] Last level dTLB entries: 4KB 512, 2MB 0, 4MB 0, 1GB 4
[    2.421064] Freeing SMP alternatives memory: 32K (ffffffff820b8000 - ffffffff820c0000)
[    2.438098] ftrace: allocating 32129 entries in 126 pages
[    2.495159] smpboot: APIC(0) Converting physical 0 to logical package 0
[    2.502032] smpboot: Max logical packages: 1
[    2.503618] x2apic enabled
[    2.509541] Switched APIC routing to physical x2apic.
[    2.523974] ..TIMER: vector=0x30 apic1=0 pin1=2 apic2=-1 pin2=-1
[    2.635379] smpboot: CPU0: Intel(R) Xeon(R) CPU E5-2630 v2 @ 2.60GHz (family: 0x6, model: 0x3e, stepping: 0x4)
[    2.652095] Performance Events: unsupported p6 CPU model 62 no PMU driver, software events only.
[    2.668651] KVM setup paravirtual spinlock
[    2.677287] x86: Booting SMP configuration:
[    2.682397] .... node  #0, CPUs:      #1
[    2.688520] kvm-clock: cpu 1, msr 0:1ffe3041, secondary cpu clock
[    2.696871] mce: CPU supports 0 MCE banks
[    2.705964] x86: Booted up 1 node, 2 CPUs
[    2.710180] smpboot: Total of 2 processors activated (10374.99 BogoMIPS)
[    2.719095] devtmpfs: initialized
[    2.728337] evm: security.selinux
[    2.734048] evm: security.SMACK64
[    2.738457] evm: security.SMACK64EXEC
[    2.750222] evm: security.SMACK64TRANSMUTE
[    2.784041] evm: security.SMACK64MMAP
[    2.788740] evm: security.ima
[    2.790543] evm: security.capability
[    2.791587] clocksource: jiffies: mask: 0xffffffff max_cycles: 0xffffffff, max_idle_ns: 7645041785100000 ns
[    2.821770] futex hash table entries: 512 (order: 3, 32768 bytes)
[    2.849571] pinctrl core: initialized pinctrl subsystem
[    2.892674] RTC time: 20:41:42, date: 06/27/17
[    2.929839] NET: Registered protocol family 16
[    2.996056] cpuidle: using governor ladder
[    3.095901] cpuidle: using governor menu
[    3.187857] PCCT header not found.
[    3.284218] ACPI: bus type PCI registered
[    3.400546] acpiphp: ACPI Hot Plug PCI Controller Driver version: 0.5
[    3.591948] PCI: Using configuration type 1 for base access
[    3.765750] ACPI: Added _OSI(Module Device)
[    3.884172] ACPI: Added _OSI(Processor Device)
[    3.912447] ACPI: Added _OSI(3.0 _SCP Extensions)
[    3.914497] ACPI: Added _OSI(Processor Aggregator Device)
[    3.917582] ACPI: Executed 1 blocks of module-level executable AML code
[    3.922248] ACPI: Interpreter enabled
[    3.923106] ACPI: (supports S0 S5)
[    3.925015] ACPI: Using IOAPIC for interrupt routing
[    3.928974] PCI: Using host bridge windows from ACPI; if necessary, use "pci=nocrs" and report a bug
[    3.937697] ACPI: PCI Root Bridge [PCI0] (domain 0000 [bus 00-ff])
[    3.941173] acpi PNP0A03:00: _OSC: OS supports [ASPM ClockPM Segments MSI]
[    3.945016] acpi PNP0A03:00: _OSC failed (AE_NOT_FOUND); disabling ASPM
[    3.949204] acpi PNP0A03:00: fail to add MMCONFIG information, can't access extended PCI configuration space under this bridge.
[    3.952756] PCI host bridge to bus 0000:00
[    3.954732] pci_bus 0000:00: root bus resource [io  0x0000-0x0cf7 window]
[    3.957493] pci_bus 0000:00: root bus resource [io  0x0d00-0xffff window]
[    3.960157] pci_bus 0000:00: root bus resource [mem 0x000a0000-0x000bffff window]
[    3.961803] pci_bus 0000:00: root bus resource [mem 0x20000000-0xffdfffff window]
[    3.964522] pci_bus 0000:00: root bus resource [bus 00-ff]
[    3.969575] pci 0000:00:01.1: legacy IDE quirk: reg 0x10: [io  0x01f0-0x01f7]
[    3.972023] pci 0000:00:01.1: legacy IDE quirk: reg 0x14: [io  0x03f6]
[    3.974375] pci 0000:00:01.1: legacy IDE quirk: reg 0x18: [io  0x0170-0x0177]
[    3.977916] pci 0000:00:01.1: legacy IDE quirk: reg 0x1c: [io  0x0376]
[    4.000437] pci 0000:00:07.0: quirk: [io  0x4000-0x403f] claimed by PIIX4 ACPI
[    4.172601] pci 0000:00:07.0: quirk: [io  0x4100-0x410f] claimed by PIIX4 SMB
[    4.250590] ACPI: PCI Interrupt Link [LNKA] (IRQs 5 9 10 *11)
[    4.317706] ACPI: PCI Interrupt Link [LNKB] (IRQs 5 9 10 *11)
[    4.364055] ACPI: PCI Interrupt Link [LNKC] (IRQs 5 9 *10 11)
[    4.401323] ACPI: PCI Interrupt Link [LNKD] (IRQs 5 *9 10 11)
[    4.469222] ACPI: Enabled 2 GPEs in block 00 to 07
[    4.538279] vgaarb: setting as boot device: PCI:0000:00:02.0
[    4.587357] vgaarb: device added: PCI:0000:00:02.0,decodes=io+mem,owns=io+mem,locks=none
[    4.651827] vgaarb: loaded
[    4.668727] vgaarb: bridge control possible 0000:00:02.0
[    4.721120] SCSI subsystem initialized
[    4.760879] ACPI: bus type USB registered
[    4.861421] usbcore: registered new interface driver usbfs
[    4.987733] usbcore: registered new interface driver hub
[    5.136219] usbcore: registered new device driver usb
[    5.184032] PCI: Using ACPI for IRQ routing
[    5.212676] NetLabel: Initializing
[    5.242136] NetLabel:  domain hash size = 128
[    5.276633] NetLabel:  protocols = UNLABELED CIPSOv4
[    5.345907] NetLabel:  unlabeled traffic allowed by default
[    5.373114] amd_nb: Cannot enumerate AMD northbridges
[    5.419539] clocksource: Switched to clocksource kvm-clock
[    5.466722] AppArmor: AppArmor Filesystem Enabled
[    5.528269] pnp: PnP ACPI init
[    5.539193] pnp: PnP ACPI: found 3 devices
[    5.556350] clocksource: acpi_pm: mask: 0xffffff max_cycles: 0xffffff, max_idle_ns: 2085701024 ns
[    5.562551] NET: Registered protocol family 2
[    5.565659] TCP established hash table entries: 4096 (order: 3, 32768 bytes)
[    5.583647] TCP bind hash table entries: 4096 (order: 4, 65536 bytes)
[    5.598812] TCP: Hash tables configured (established 4096 bind 4096)
[    5.604530] UDP hash table entries: 256 (order: 1, 8192 bytes)
[    5.613588] UDP-Lite hash table entries: 256 (order: 1, 8192 bytes)
[    5.619401] NET: Registered protocol family 1
[    5.624418] pci 0000:00:00.0: Limiting direct PCI/PCI transfers
[    5.630127] pci 0000:00:01.0: Activating ISA DMA hang workarounds
[    5.635047] Unpacking initramfs...
[    7.657284] Freeing initrd memory: 10780K (ffff88001ece1000 - ffff88001f768000)
[    7.671803] RAPL PMU detected, API unit is 2^-32 Joules, 3 fixed counters 10737418240 ms ovfl timer
[    7.686545] hw unit of domain pp0-core 2^-0 Joules
[    7.697905] hw unit of domain package 2^-0 Joules
[    7.704145] hw unit of domain dram 2^-0 Joules
[    7.708044] platform rtc_cmos: registered platform RTC device (no PNP device found)
[    7.717022] Scanning for low memory corruption every 60 seconds
[    7.728002] audit: initializing netlink subsys (disabled)
[    7.733362] audit: type=2000 audit(1498596107.586:1): initialized
[    7.738632] Initialise system trusted keyring
[    7.742539] HugeTLB registered 2 MB page size, pre-allocated 0 pages
[    7.748871] zbud: loaded
[    7.752465] VFS: Disk quotas dquot_6.6.0
[    7.757892] VFS: Dquot-cache hash table entries: 512 (order 0, 4096 bytes)
[    7.764821] squashfs: version 4.0 (2009/01/31) Phillip Lougher
[    7.769510] fuse init (API version 7.23)
[    7.794122] Key type big_key registered
[    7.801079] Allocating IMA MOK and blacklist keyrings.
[    7.806332] Key type asymmetric registered
[    7.856126] Asymmetric key parser 'x509' registered
[    7.923279] Block layer SCSI generic (bsg) driver version 0.4 loaded (major 249)
[    7.936853] io scheduler noop registered
[    7.940171] io scheduler deadline registered (default)
[    7.943372] io scheduler cfq registered
[    7.947910] pci_hotplug: PCI Hot Plug PCI Core version: 0.5
[    7.953843] pciehp: PCI Express Hot Plug Controller Driver version: 0.4
[    7.957008] ACPI: AC Adapter [AC] (on-line)
[    8.016221] input: Power Button as /devices/LNXSYSTM:00/LNXPWRBN:00/input/input0
[    8.073590] ACPI: Power Button [PWRF]
[    8.132265] input: Sleep Button as /devices/LNXSYSTM:00/LNXSLPBN:00/input/input1
[    8.146466] ACPI: Sleep Button [SLPF]
[    8.154006] GHES: HEST is not enabled!
[    8.181233] Serial: 8250/16550 driver, 32 ports, IRQ sharing enabled
[    8.206767] 00:02: ttyS0 at I/O 0x3f8 (irq = 4, base_baud = 115200) is a 16550A
[    8.597285] Linux agpgart interface v0.103
[    8.708384] tsc: Refined TSC clocksource calibration: 2595.016 MHz
[    8.708388] clocksource: tsc: mask: 0xffffffffffffffff max_cycles: 0x2567d7d1ab4, max_idle_ns: 440795283564 ns
[    9.754059] loop: module loaded
[    9.826062] scsi host0: ata_piix
[    9.881649] scsi host1: ata_piix
[    9.905255] ata1: PATA max UDMA/33 cmd 0x1f0 ctl 0x3f6 bmdma 0xd000 irq 14
[    9.946869] ata2: PATA max UDMA/33 cmd 0x170 ctl 0x376 bmdma 0xd008 irq 15
[   10.071031] libphy: Fixed MDIO Bus: probed
[   10.073137] tun: Universal TUN/TAP device driver, 1.6
[   10.080099] tun: (C) 1999-2004 Max Krasnyansky <maxk@qualcomm.com>
[   10.113556] PPP generic driver version 2.4.2
[   10.115469] ehci_hcd: USB 2.0 'Enhanced' Host Controller (EHCI) Driver
[   10.118163] ehci-pci: EHCI PCI platform driver
[   10.119143] ehci-platform: EHCI generic platform driver
[   10.120264] ohci_hcd: USB 1.1 'Open' Host Controller (OHCI) Driver
[   10.125587] ohci-pci: OHCI PCI platform driver
[   10.127901] ohci-platform: OHCI generic platform driver
[   10.129025] uhci_hcd: USB Universal Host Controller Interface driver
[   10.130383] i8042: PNP: PS/2 Controller [PNP0303:PS2K,PNP0f03:PS2M] at 0x60,0x64 irq 1,12
[   10.132697] serio: i8042 KBD port at 0x60,0x64 irq 1
[   10.138035] serio: i8042 AUX port at 0x60,0x64 irq 12
[   10.139311] mousedev: PS/2 mouse device common for all mice
[   10.148508] rtc_cmos rtc_cmos: rtc core: registered rtc_cmos as rtc0
[   10.155227] input: AT Translated Set 2 keyboard as /devices/platform/i8042/serio0/input/input2
[   10.158587] rtc_cmos rtc_cmos: alarms up to one day, 114 bytes nvram
[   10.174844] i2c /dev entries driver
[   10.176855] device-mapper: uevent: version 1.0.3
[   10.178091] device-mapper: ioctl: 4.34.0-ioctl (2015-10-28) initialised: dm-devel@redhat.com
[   10.190638] ledtrig-cpu: registered to indicate activity on CPUs
[   10.208802] NET: Registered protocol family 10
[   10.211160] NET: Registered protocol family 17
[   10.212225] Key type dns_resolver registered
[   10.213456] microcode: CPU0 sig=0x306e4, pf=0x2, revision=0x19
[   10.216910] microcode: CPU1 sig=0x306e4, pf=0x2, revision=0x19
[   10.218276] microcode: Microcode Update Driver: v2.01 <tigran@aivazian.fsnet.co.uk>, Peter Oruba
[   10.229136] registered taskstats version 1
[   10.245269] Loading compiled-in X.509 certificates
[   10.296512] Loaded X.509 cert 'Build time autogenerated kernel key: 4e3fcaabc4148de0b198d1fb3d36a6c6d4cf062b'
[   10.485854] zswap: loaded using pool lzo/zbud
[   10.620335] Key type trusted registered
[   10.740145] Key type encrypted registered
[   10.853381] AppArmor: AppArmor sha1 policy hashing enabled
[   11.021052] ima: No TPM chip found, activating TPM-bypass!
[   11.186567] evm: HMAC attrs: 0x1
[   11.283311]   Magic number: 5:285:701
[   11.390344] rtc_cmos rtc_cmos: setting system clock to 2017-06-27 20:41:51 UTC (1498596111)
[   11.637113] BIOS EDD facility v0.16 2004-Jun-25, 0 devices found
[   11.819334] EDD information not available.
[   11.942859] Freeing unused kernel memory: 1484K (ffffffff81f45000 - ffffffff820b8000)
[   12.087226] Write protecting the kernel read-only data: 14336k
[   12.129502] Freeing unused kernel memory: 1760K (ffff880001848000 - ffff880001a00000)
[   12.186285] Freeing unused kernel memory: 112K (ffff880001de4000 - ffff880001e00000)
Loading, please wait...
starting version[   12.263259] random: systemd-udevd: uninitialized urandom read (16 bytes read, 4 bits of entropy available)
 229
[   12.265049] random: udevadm: uninitialized urandom read (16 bytes read, 4 bits of entropy available)
[   12.265154] random: udevadm: uninitialized urandom read (16 bytes read, 4 bits of entropy available)
[   12.265487] random: udevadm: uninitialized urandom read (16 bytes read, 4 bits of entropy available)
[   12.265627] random: udevadm: uninitialized urandom read (16 bytes read, 4 bits of entropy available)
[   12.265781] random: udevadm: uninitialized urandom read (16 bytes read, 4 bits of entropy available)
[   12.265909] random: udevadm: uninitialized urandom read (16 bytes read, 4 bits of entropy available)
[   12.266040] random: udevadm: uninitialized urandom read (16 bytes read, 4 bits of entropy available)
[   12.266159] random: udevadm: uninitialized urandom read (16 bytes read, 4 bits of entropy available)
[   12.266280] random: udevadm: uninitialized urandom read (16 bytes read, 4 bits of entropy available)
[   13.560565] e1000: Intel(R) PRO/1000 Network Driver - version 7.3.21-k8-NAPI
[   13.597695] e1000: Copyright (c) 1999-2006 Intel Corporation.
[   13.725950] AVX version of gcm_enc/dec engaged.
[   13.728609] AES CTR mode by8 optimization enabled
[   13.767005] Fusion MPT base driver 3.04.20
[   13.773744] Copyright (c) 1999-2008 LSI Corporation
[   13.783511] Fusion MPT SPI Host driver 3.04.20
[   13.912744] input: ImExPS/2 Generic Explorer Mouse as /devices/platform/i8042/serio1/input/input4
[   14.062291] e1000 0000:00:03.0 eth0: (PCI:33MHz:32-bit) 02:2f:7f:ec:82:b2
[   14.096150] e1000 0000:00:03.0 eth0: Intel(R) PRO/1000 Network Connection
[   14.511286] e1000 0000:00:08.0 eth1: (PCI:33MHz:32-bit) 08:00:27:78:b0:c3
[   14.588843] e1000 0000:00:08.0 eth1: Intel(R) PRO/1000 Network Connection
[   14.640388] e1000 0000:00:03.0 enp0s3: renamed from eth0
[   14.697864] mptbase: ioc0: Initiating bringup
[   14.832123] e1000 0000:00:08.0 enp0s8: renamed from eth1
[   14.895449] ioc0: LSI53C1030 A0: Capabilities={Initiator}
[   15.355916] scsi host2: ioc0: LSI53C1030 A0, FwRev=00000000h, Ports=1, MaxQ=256, IRQ=20
[   15.492474] scsi 2:0:0:0: Direct-Access     VBOX     HARDDISK         1.0  PQ: 0 ANSI: 5
[   15.513206] scsi target2:0:0: Beginning Domain Validation
[   15.531296] scsi target2:0:0: Domain Validation skipping write tests
[   15.706559] scsi target2:0:0: Ending Domain Validation
[   15.808018] scsi target2:0:0: asynchronous
[   15.814097] scsi 2:0:1:0: Direct-Access     VBOX     HARDDISK         1.0  PQ: 0 ANSI: 5
[   15.817354] scsi target2:0:1: Beginning Domain Validation
[   15.824500] scsi target2:0:1: Domain Validation skipping write tests
[   15.834655] scsi target2:0:1: Ending Domain Validation
[   15.836909] scsi target2:0:1: asynchronous
[   15.847088] sd 2:0:0:0: [sda] 20971520 512-byte logical blocks: (10.7 GB/10.0 GiB)
[   15.847145] sd 2:0:0:0: Attached scsi generic sg0 type 0
[   15.928010] sd 2:0:0:0: [sda] Write Protect is off
[   15.929364] sd 2:0:1:0: [sdb] 20480 512-byte logical blocks: (10.5 MB/10.0 MiB)
[   15.929703] sd 2:0:1:0: [sdb] Write Protect is off
[   15.929921] sd 2:0:1:0: [sdb] Incomplete mode parameter data
[   15.929924] sd 2:0:1:0: [sdb] Assuming drive cache: write through
[   16.188051] sd 2:0:1:0: Attached scsi generic sg1 type 0
[   16.192206] sd 2:0:1:0: [sdb] Attached SCSI disk
[   16.747673] floppy0: no floppy controllers found
[   16.747778] work still pending
[   16.869267] sd 2:0:0:0: [sda] Incomplete mode parameter data
[   16.887830] sd 2:0:0:0: [sda] Assuming drive cache: write through
[   16.891179]  sda: sda1
[   16.989010] sd 2:0:0:0: [sda] Attached SCSI disk
Begin: Loading e[   18.680522] md: linear personality registered for level -1
ssential drivers ... [   19.008582] md: multipath personality registered for level -4
[   19.339786] md: raid0 personality registered for level 0
[   19.350969] md: raid1 personality registered for level 1
[   19.423583] raid6: sse2x1   gen()  5288 MB/s
[   19.499578] raid6: sse2x1   xor()  5511 MB/s
[   19.567582] raid6: sse2x2   gen()  6487 MB/s
[   19.635579] raid6: sse2x2   xor()  6058 MB/s
[   19.703582] raid6: sse2x4   gen()  9490 MB/s
[   19.771582] raid6: sse2x4   xor()  6604 MB/s
[   19.783430] raid6: using algorithm sse2x4 gen() 9490 MB/s
[   19.816182] raid6: .... xor() 6604 MB/s, rmw enabled
[   19.824619] raid6: using ssse3x2 recovery algorithm
[   19.831251] xor: automatically using best checksumming function:
[   19.991797]    avx       : 15276.000 MB/sec
[   20.018481] async_tx: api initialized (async)
[   20.031152] md: raid6 personality registered for level 6
[   20.034579] md: raid5 personality registered for level 5
[   20.035659] md: raid4 personality registered for level 4
[   20.043178] md: raid10 personality registered for level 10
done.
Begin: Running /scripts/init-premount ... done.
Begin: Mounting root file system ... Begin: Running /scripts/local-top ... done.
Begin: Running /scripts/local-premount ... [   20.098070] Btrfs loaded
Scanning for Btrfs filesystems
done.
Warning: fsck not present, so skipping root file system
[   20.271368] EXT4-fs (sda1): mounted filesystem with ordered data mode. Opts: (null)
done.
Begin: Running /scripts/local-bottom ... done.
Begin: Running /scripts/init-bottom ... done.
[   20.541208] systemd[1]: systemd 229 running in system mode. (+PAM +AUDIT +SELINUX +IMA +APPARMOR +SMACK +SYSVINIT +UTMP +LIBCRYPTSETUP +GCRYPT +GNUTLS +ACL +XZ -LZ4 +SECCOMP +BLKID +ELFUTILS +KMOD -IDN)
[   20.547703] systemd[1]: Detected virtualization oracle.
[   20.553800] systemd[1]: Detected architecture x86-64.

Welcome to [1mUbuntu 16.04.2 LTS[0m!

[   20.561333] systemd[1]: Set hostname to <ubuntu-xenial>.
[   20.743903] systemd[1]: Reached target Swap.
[[0;32m  OK  [0m] Reached target Swap.
[   20.899844] systemd[1]: Listening on Journal Socket.
[[0;32m  OK  [0m] Listening on Journal Socket.
[   21.049141] systemd[1]: Reached target Encrypted Volumes.
[[0;32m  OK  [0m] Reached target Encrypted Volumes.
[   21.168033] systemd[1]: Listening on /dev/initctl Compatibility Named Pipe.
[[0;32m  OK  [0m] Listening on /dev/initctl Compatibility Named Pipe.
[   21.204061] systemd[1]: Listening on LVM2 poll daemon socket.
[[0;32m  OK  [0m] Listening on LVM2 poll daemon socket.
[   21.214843] systemd[1]: Listening on udev Kernel Socket.
[[0;32m  OK  [0m] Listening on udev Kernel Socket.
[   21.228207] systemd[1]: Listening on Journal Audit Socket.
[[0;32m  OK  [0m] Listening on Journal Audit Socket.
[   21.238936] systemd[1]: Listening on LVM2 metadata daemon socket.
[[0;32m  OK  [0m] Listening on LVM2 metadata daemon socket.
[   21.264144] systemd[1]: Started Trigger resolvconf update for networkd DNS.
[[0;32m  OK  [0m] Started Trigger resolvconf update for networkd DNS.
[   21.281386] systemd[1]: Listening on udev Control Socket.
[[0;32m  OK  [0m] Listening on udev Control Socket.
[   21.289252] systemd[1]: Set up automount Arbitrary Executable File Formats File System Automount Point.
[[0;32m  OK  [0m] Set up automount Arbitrary Executab...ats File System Automount Point.
[   21.301062] systemd[1]: Reached target User and Group Name Lookups.
[[0;32m  OK  [0m] Reached target User and Group Name Lookups.
[   21.309369] systemd[1]: Listening on Syslog Socket.
[[0;32m  OK  [0m] Listening on Syslog Socket.
[   21.327855] systemd[1]: Started Forward Password Requests to Wall Directory Watch.
[[0;32m  OK  [0m] Started Forward Password Requests to Wall Directory Watch.
[   21.344170] systemd[1]: Listening on Journal Socket (/dev/log).
[[0;32m  OK  [0m] Listening on Journal Socket (/dev/log).
[   21.359811] systemd[1]: Listening on Device-mapper event daemon FIFOs.
[[0;32m  OK  [0m] Listening on Device-mapper event daemon FIFOs.
[   21.372144] systemd[1]: Created slice System Slice.
[[0;32m  OK  [0m] Created slice System Slice.
[   21.391736] systemd[1]: Mounting Debug File System...
         Mounting Debug File System...
[   21.400232] systemd[1]: Starting Uncomplicated firewall...
         Starting Uncomplicated firewall...
[   21.414647] systemd[1]: Starting Create list of required static device nodes for the current kernel...
         Starting Create list of required st... nodes for the current kernel...
[   21.425856] systemd[1]: Starting Nameserver information manager...
         Starting Nameserver information manager...
[   21.433748] systemd[1]: Created slice system-serial\x2dgetty.slice.
[[0;32m  OK  [0m] Created slice system-serial\x2dgetty.slice.
[   21.459849] systemd[1]: Starting Journal Service...
         Starting Journal Service...
[   21.494540] systemd[1]: Mounting POSIX Message Queue File System...
         Mounting POSIX Message Queue File System...
[   21.509724] systemd[1]: Starting Monitoring of LVM2 mirrors, snapshots etc. using dmeventd or progress polling...
         Starting Monitoring of LVM2 mirrors... dmeventd or progress polling...
[   21.527015] systemd[1]: Starting Set console keymap...
         Starting Set console keymap...
[   21.807336] systemd[1]: Starting Load Kernel Modules...
         Starting Load Kernel Modules...
[   21.833090] systemd[1]: Mounting Huge Pages File System...
         Mounting Huge Pages File System...
[   21.874233] systemd[1]: Starting Remount Root and Kernel File Systems...
[   21.899967] Loading iSCSI transport class v2.0-870.
[   21.921210] random: nonblocking pool is initialized
         Startin[   21.955127] EXT4-fs (sda1): re-mounted. Opts: (null)
g Remount Root and Kernel File Systems...
[   21.967402] systemd[1]: Created slice User and Session Slice.
[   21.981059] iscsi: registered transport (tcp)
[[0;32m  OK  [0m] Created slice User and Session Slice.
[   21.993128] systemd[1]: Reached target Slices.
[[0;32m  OK  [0m] Reached target Slices.
[   22.049713] iscsi: registered transport (iser)
[   22.076910] systemd[1]: Mounted Huge Pages File System.
[[0;32m  OK  [0m] Mounted Huge Pages File System.
[   22.328559] systemd[1]: Mounted POSIX Message Queue File System.
[[0;32m  OK  [0m] Mounted POSIX Message Queue File System.
[   22.343735] systemd[1]: Mounted Debug File System.
[[0;32m  OK  [0m] Mounted Debug File System.
[   22.352980] systemd[1]: Started Journal Service.
[[0;32m  OK  [0m] Started Journal Service.
[[0;32m  OK  [0m] Started Uncomplicated firewall.
[[0;32m  OK  [0m] Started Create list of required sta...ce nodes for the current kernel.
[[0;32m  OK  [0m] Started Set console keymap.
[[0;32m  OK  [0m] Started Load Kernel Modules.
[[0;32m  OK  [0m] Started Remount Root and Kernel File Systems.
[[0;32m  OK  [0m] Started Nameserver information manager.
[[0;32m  OK  [0m] Started LVM2 metadata daemon.
         Starting Load/Save Random Seed...
         Starting udev Coldplug all Devices...
         Starting Initial cloud-init job (pre-networking)...
         Starting Apply Kernel Variables...
         Mounting FUSE Control File System...
         Starting Create Static Device Nodes in /dev...
         Starting Flush Journal to Persistent Storage...
[[0;32m  OK  [0m] Mounted FUSE Control File System.
[[0;32m  OK  [0m] Started Load/Save Random Seed.
[[0;32m  OK  [0m] Started Apply Kernel Variables.
[[0;32m  OK  [0m] Started Create Static Device Nodes in /dev.
[[0;32m  OK  [0m] Started udev Coldplug all Devices.
[[0;32m  OK  [0m] Started Flush Journal to Persistent Storage.
         Starting udev Kernel Device Manager...
[[0;32m  OK  [0m] Started udev Kernel Device Manager.
[[0;32m  OK  [0m] Started Dispatch Password Requests to Console Directory Watch.
[[0;32m  OK  [0m] Found device /dev/ttyS0.
[[0;32m  OK  [0m] Started Monitoring of LVM2 mirrors,...ng dmeventd or progress polling.
[[0;32m  OK  [0m] Reached target Local File Systems (Pre).
[[0;32m  OK  [0m] Reached target Local File Systems.
         Starting Create Volatile Files and Directories...
         Starting Set console font and keymap...
         Starting LSB: AppArmor initialization...
         Starting Tell Plymouth To Write Out Runtime Data...
[[0;32m  OK  [0m] Started Create Volatile Files and Directories.
[[0;32m  OK  [0m] Started Tell Plymouth To Write Out Runtime Data.
         Starting Update UTMP about System Boot/Shutdown...
[[0;32m  OK  [0m] Reached target System Time Synchronized.
[[0;32m  OK  [0m] Started Update UTMP about System Boot/Shutdown.
[[0;32m  OK  [0m] Listening on Load/Save RF Kill Switch Status /dev/rfkill Watch.
[[0;32m  OK  [0m] Started LSB: AppArmor initialization.
[[0;32m  OK  [0m] Found device 82540EM Gigabit Ethern...r (PRO/1000 MT Desktop Adapter).
[[0;32m  OK  [0m] Found device 82540EM Gigabit Ethern...r (PRO/1000 MT Desktop Adapter).
[   18.597555] cloud-init[448]: Cloud-init v. 0.7.9 running 'init-local' at Tue, 27 Jun 2017 20:42:03 +0000. Up 18.31 seconds.
[[0;32m  OK  [0m] Started Initial cloud-init job (pre-networking).
[[0;32m  OK  [0m] Reached target Network (Pre).
[[0;32m  OK  [0m] Started ifup for enp0s8.
         Starting Raise network interfaces...
[[0;32m  OK  [0m] Started ifup for enp0s3.
[[0;32m  OK  [0m] Started Set console font and keymap.
[[0;32m  OK  [0m] Created slice system-getty.slice.
[[0;32m  OK  [0m] Started Raise network interfaces.
[[0;32m  OK  [0m] Reached target Network.
         Starting Initial cloud-init job (metadata service crawler)...
[   21.779635] cloud-init[1074]: Cloud-init v. 0.7.9 running 'init' at Tue, 27 Jun 2017 20:42:06 +0000. Up 21.45 seconds.
[   21.795685] cloud-init[1074]: ci-info: ++++++++++++++++++++++++++++++++++++++Net device info++++++++++++++++++++++++++++++++++++++
[   21.804504] cloud-init[1074]: ci-info: +--------+------+-----------------------------+---------------+-------+-------------------+
[   21.808851] cloud-init[1074]: ci-info: | Device |  Up  |           Address           |      Mask     | Scope |     Hw-Address    |
[   21.836377] cloud-init[1074]: ci-info: +--------+------+-----------------------------+---------------+-------+-------------------+
[[0;32m  OK  [0m] Started Initial cloud-init job (metadata service crawler).
[   21.836776] cloud-init[1074]: ci-info: |   lo   | True |          127.0.0.1          |   255.0.0.0   |   .   |         .         |
[   21.851383] cloud-init[1074]: ci-info: |   lo   | True |           ::1/128           |       .       |  host |         .         |
[   21.851909] cloud-init[1074]: ci-info: | enp0s3 | True |          10.0.2.15          | 255.255.255.0 |   .   | 02:2f:7f:ec:82:b2 |
[   21.852441] cloud-init[1074]: ci-info: | enp0s3 | True |  fe80::2f:7fff:feec:82b2/64 |       .       |  link | 02:2f:7f:ec:82:b2 |
[   21.852763] cloud-init[1074]: ci-info: | enp0s8 | True |        172.16.148.128       | 255.255.255.0 |   .   | 08:00:27:78:b0:c3 |
[[0;32m  OK  [0m] Reached target System Initialization.
[   21.852916] cloud-init[1074]: ci-info: | enp0s8 | True | fe80::a00:27ff:fe78:b0c3/64 |       .       |  link | 08:00:27:78:b0:c3 |
[   21.901496] cloud-init[1074]: ci-info: +--------+------+-----------------------------+---------------+-------+-------------------+
[   21.902178] cloud-init[1074]: ci-info: ++++++++++++++++++++++++++++Route IPv4 info++++++++++++++++++++++++++++
[[0;32m  OK  [0m] Started ACPI Events Check.
[[   21.902444] cloud-init[1074]: ci-info: +-------+--------------+----------+---------------+-----------+-------+
[   21.928441] cloud-init[1074]: ci-info: | Route | Destination  | Gateway  |    Genmask    | Interface | Flags |
[   21.928716] cloud-init[1074]: ci-info: +-------+--------------+----------+---------------+-----------+-------+
[   21.929011] cloud-init[1074]: ci-info: |   0   |   0.0.0.0    | 10.0.2.2 |    0.0.0.0    |   enp0s3  |   UG  |
[0;32m  OK  [0m] Reached target Paths.
[   21.929305] cloud-init[1074]: ci-info: |   1   |   10.0.2.0   | 0.0.0.0  | 255.255.255.0 |   enp0s3  |   U   |
[   21.947245] cloud-init[1074]: ci-info: |   2   | 172.16.148.0 | 0.0.0.0  | 255.255.255.0 |   enp0s8  |   U   |
[   21.947531] cloud-init[1074]: ci-info: +-------+--------------+----------+---------------+-----------+-------+
[[0;32m  OK  [0m] Listening on UUID daemon activation socket.
[[0;32m  OK  [0m] Started Daily Cleanup of Temporary Directories.
[[0;32m  OK  [0m] Listening on ACPID Listen Socket.
[[0;32m  OK  [0m] Started Daily apt activities.
[[0;32m  OK  [0m] Listening on D-Bus System Message Bus Socket.
[[0;32m  OK  [0m] Started Timer to automatically refresh installed snaps.
[[0;32m  OK  [0m] Reached target Timers.
         Starting LXD - unix socket.
         Starting Socket activation for snappy daemon.
[[0;32m  OK  [0m] Reached target Network is Online.
         Starting iSCSI initiator daemon (iscsid)...
[[0;32m  OK  [0m] Reached target Cloud-config availability.
[[0;32m  OK  [0m] Listening on LXD - unix socket.
[[0;32m  OK  [0m] Listening on Socket activation for snappy daemon.
[[0;32m  OK  [0m] Started iSCSI initiator daemon (iscsid).
         Starting Login to default iSCSI targets...
[[0;32m  OK  [0m] Reached target Sockets.
[[0;32m  OK  [0m] Reached target Basic System.
         Starting LSB: Record successful boot for GRUB...
[[0;32m  OK  [0m] Started FUSE filesystem for LXC.
[[0;32m  OK  [0m] Started ACPI event daemon.
         Starting Login Service...
         Starting /etc/rc.local Compatibility...
[[0;32m  OK  [0m] Started Snappy daemon.
         Starting System Logging Service...
         Starting Apply the settings specified in cloud-config...
[[0;32m  OK  [0m] Started Unattended Upgrades Shutdown.
         Starting OpenBSD Secure Shell server...
         Starting Accounts Service...
         Starting Auto import assertions from block devices...
[[0;32m  OK  [0m] Started D-Bus System Message Bus.
[[0;32m  OK  [0m] Started Deferred execution scheduler.
         Starting LSB: MD monitoring daemon...
[[0;32m  OK  [0m] Started Regular background program processing daemon.
         Starting LXD - container startup/shutdown...
[[0;32m  OK  [0m] Started System Logging Service.
[[0;32m  OK  [0m] Started OpenBSD Secure Shell server.
[[0;32m  OK  [0m] Started /etc/rc.local Compatibility.
[[0;32m  OK  [0m] Started Auto import assertions from block devices.
[[0;32m  OK  [0m] Started LXD - container startup/shutdown.
[[0;32m  OK  [0m] Started LSB: Record successful boot for GRUB.
[[0;32m  OK  [0m] Started Login to default iSCSI targets.
[[0;32m  OK  [0m] Started LSB: MD monitoring daemon.
[[0;32m  OK  [0m] Started Login Service.
         Starting Authenticate and Authorize Users to Run Privileged Tasks...
[[0;32m  OK  [0m] Reached target Remote File Systems (Pre).
[[0;32m  OK  [0m] Reached target Remote File Systems.
         Starting LSB: daemon to balance interrupts for SMP systems...
         Starting LSB: Set the CPU Frequency Scaling governor to "ondemand"...
         Starting LSB: VirtualBox Linux Additions...
         Starting LSB: automatic crash report generation...
         Starting Permit User Sessions...
[[0;32m  OK  [0m] Started Permit User Sessions.
[[0;32m  OK  [0m] Started Authenticate and Authorize Users to Run Privileged Tasks.
[[0;32m  OK  [0m] Started Accounts Service.
[[0;32m  OK  [0m] Started LSB: Set the CPU Frequency Scaling governor to "ondemand".
[[0;32m  OK  [0m] Started LSB: daemon to balance interrupts for SMP systems.
         Starting Terminate Plymouth Boot Screen...
         Starting Hold until boot process finishes up...
[[0;32m  OK  [0m] Started LSB: automatic crash report generation.
[[0;32m  OK  [0m] Started Terminate Plymouth Boot Screen.
[[0;32m  OK  [0m] Started Hold until boot process finishes up.
[   22.769283] cloud-init[1162]: Cloud-init v. 0.7.9 running 'modules:config' at Tue, 27 Jun 2017 20:42:07 +0000. Up 22.60 seconds.
[[0;32m  OK  [0m] Started Getty on tty1.
[[0;32m  OK  [0m] Started Serial Getty on ttyS0.
[[0;32m  OK  [0m] Reached target Login Prompts.
         Starting Set console scheme...
[[0;32m  OK  [0m] Started LSB: VirtualBox Linux Additions.
[[0;32m  OK  [0m] Started Apply the settings specified in cloud-config.
[[0;32m  OK  [0m] Started Set console scheme.
[[0;32m  OK  [0m] Reached target Multi-User System.
[[0;32m  OK  [0m] Reached target Graphical Interface.
         Starting Update UTMP about System Runlevel Changes...
         Starting Execute cloud user/final scripts...
[[0;32m  OK  [0m] Started Update UTMP about System Runlevel Changes.
[   23.353420] cloud-init[1311]: Cloud-init v. 0.7.9 running 'modules:final' at Tue, 27 Jun 2017 20:42:08 +0000. Up 23.23 seconds.
[   23.385306] cloud-init[1311]: Cloud-init v. 0.7.9 finished at Tue, 27 Jun 2017 20:42:08 +0000. Datasource DataSourceNoCloud [seed=/dev/sdb][dsmode=net].  Up 23.34 seconds
[[0;32m  OK  [0m] Started Execute cloud user/final scripts.
[[0;32m  OK  [0m] Reached target Cloud-init target.

Ubuntu 16.04.2 LTS ubuntu-xenial ttyS0

ubuntu-xenial login: 