[    0.000000] Initializing cgroup subsys cpuset
[    0.000000] Initializing cgroup subsys cpu
[    0.000000] Initializing cgroup subsys cpuacct
[    0.000000] Linux version 4.4.0-81-generic (buildd@lgw01-02) (gcc version 5.4.0 20160609 (Ubuntu 5.4.0-6ubuntu1~16.04.4) ) #104-Ubuntu SMP Wed Jun 14 08:17:06 UTC 2017 (Ubuntu 4.4.0-81.104-generic 4.4.67)
[    0.000000] Command line: BOOT_IMAGE=/boot/vmlinuz-4.4.0-81-generic root=LABEL=cloudimg-rootfs ro console=tty1 console=ttyS0
[    0.000000] KERNEL supported cpus:
[    0.000000]   Intel GenuineIntel
[    0.000000]   AMD AuthenticAMD
[    0.000000]   Centaur CentaurHauls
[    0.000000] x86/fpu: xstate_offset[2]:  576, xstate_sizes[2]:  256
[    0.000000] x86/fpu: Supporting XSAVE feature 0x01: 'x87 floating point registers'
[    0.000000] x86/fpu: Supporting XSAVE feature 0x02: 'SSE registers'
[    0.000000] x86/fpu: Supporting XSAVE feature 0x04: 'AVX registers'
[    0.000000] x86/fpu: Enabled xstate features 0x7, context size is 832 bytes, using 'standard' format.
[    0.000000] x86/fpu: Using 'lazy' FPU context switches.
[    0.000000] e820: BIOS-provided physical RAM map:
[    0.000000] BIOS-e820: [mem 0x0000000000000000-0x000000000009fbff] usable
[    0.000000] BIOS-e820: [mem 0x000000000009fc00-0x000000000009ffff] reserved
[    0.000000] BIOS-e820: [mem 0x00000000000f0000-0x00000000000fffff] reserved
[    0.000000] BIOS-e820: [mem 0x0000000000100000-0x000000003ffeffff] usable
[    0.000000] BIOS-e820: [mem 0x000000003fff0000-0x000000003fffffff] ACPI data
[    0.000000] BIOS-e820: [mem 0x00000000fec00000-0x00000000fec00fff] reserved
[    0.000000] BIOS-e820: [mem 0x00000000fee00000-0x00000000fee00fff] reserved
[    0.000000] BIOS-e820: [mem 0x00000000fffc0000-0x00000000ffffffff] reserved
[    0.000000] NX (Execute Disable) protection: active
[    0.000000] SMBIOS 2.5 present.
[    0.000000] Hypervisor detected: KVM
[    0.000000] e820: last_pfn = 0x3fff0 max_arch_pfn = 0x400000000
[    0.000000] MTRR: Disabled
[    0.000000] x86/PAT: MTRRs disabled, skipping PAT initialization too.
[    0.000000] x86/PAT: Configuration [0-7]: WB  WT  UC- UC  WB  WT  UC- UC  
[    0.000000] CPU MTRRs all blank - virtualized system.
[    0.000000] found SMP MP-table at [mem 0x0009fff0-0x0009ffff] mapped at [ffff88000009fff0]
[    0.000000] Scanning 1 areas for low memory corruption
[    0.000000] RAMDISK: [mem 0x36ae2000-0x37568fff]
[    0.000000] ACPI: Early table checksum verification disabled
[    0.000000] ACPI: RSDP 0x00000000000E0000 000024 (v02 VBOX  )
[    0.000000] ACPI: XSDT 0x000000003FFF0030 00003C (v01 VBOX   VBOXXSDT 00000001 ASL  00000061)
[    0.000000] ACPI: FACP 0x000000003FFF00F0 0000F4 (v04 VBOX   VBOXFACP 00000001 ASL  00000061)
[    0.000000] ACPI: DSDT 0x000000003FFF0470 00210F (v01 VBOX   VBOXBIOS 00000002 INTL 20100528)
[    0.000000] ACPI: FACS 0x000000003FFF0200 000040
[    0.000000] ACPI: FACS 0x000000003FFF0200 000040
[    0.000000] ACPI: APIC 0x000000003FFF0240 00005C (v02 VBOX   VBOXAPIC 00000001 ASL  00000061)
[    0.000000] ACPI: SSDT 0x000000003FFF02A0 0001CC (v01 VBOX   VBOXCPUT 00000002 INTL 20100528)
[    0.000000] No NUMA configuration found
[    0.000000] Faking a node at [mem 0x0000000000000000-0x000000003ffeffff]
[    0.000000] NODE_DATA(0) allocated [mem 0x3ffeb000-0x3ffeffff]
[    0.000000] kvm-clock: Using msrs 4b564d01 and 4b564d00
[    0.000000] kvm-clock: cpu 0, msr 0:3ffe3001, primary cpu clock
[    0.000000] kvm-clock: using sched offset of 3042016127 cycles
[    0.000000] clocksource: kvm-clock: mask: 0xffffffffffffffff max_cycles: 0x1cd42e4dffb, max_idle_ns: 881590591483 ns
[    0.000000] Zone ranges:
[    0.000000]   DMA      [mem 0x0000000000001000-0x0000000000ffffff]
[    0.000000]   DMA32    [mem 0x0000000001000000-0x000000003ffeffff]
[    0.000000]   Normal   empty
[    0.000000]   Device   empty
[    0.000000] Movable zone start for each node
[    0.000000] Early memory node ranges
[    0.000000]   node   0: [mem 0x0000000000001000-0x000000000009efff]
[    0.000000]   node   0: [mem 0x0000000000100000-0x000000003ffeffff]
[    0.000000] Initmem setup node 0 [mem 0x0000000000001000-0x000000003ffeffff]
[    0.000000] ACPI: PM-Timer IO Port: 0x4008
[    0.000000] IOAPIC[0]: apic_id 2, version 32, address 0xfec00000, GSI 0-23
[    0.000000] ACPI: INT_SRC_OVR (bus 0 bus_irq 0 global_irq 2 dfl dfl)
[    0.000000] ACPI: INT_SRC_OVR (bus 0 bus_irq 9 global_irq 9 high level)
[    0.000000] Using ACPI (MADT) for SMP configuration information
[    0.000000] smpboot: Allowing 2 CPUs, 0 hotplug CPUs
[    0.000000] PM: Registered nosave memory: [mem 0x00000000-0x00000fff]
[    0.000000] PM: Registered nosave memory: [mem 0x0009f000-0x0009ffff]
[    0.000000] PM: Registered nosave memory: [mem 0x000a0000-0x000effff]
[    0.000000] PM: Registered nosave memory: [mem 0x000f0000-0x000fffff]
[    0.000000] e820: [mem 0x40000000-0xfebfffff] available for PCI devices
[    0.000000] Booting paravirtualized kernel on KVM
[    0.000000] clocksource: refined-jiffies: mask: 0xffffffff max_cycles: 0xffffffff, max_idle_ns: 7645519600211568 ns
[    0.000000] setup_percpu: NR_CPUS:512 nr_cpumask_bits:512 nr_cpu_ids:2 nr_node_ids:1
[    0.000000] PERCPU: Embedded 33 pages/cpu @ffff88003fc00000 s98264 r8192 d28712 u1048576
[    0.000000] PV qspinlock hash table entries: 256 (order: 0, 4096 bytes)
[    0.000000] Built 1 zonelists in Node order, mobility grouping on.  Total pages: 257913
[    0.000000] Policy zone: DMA32
[    0.000000] Kernel command line: BOOT_IMAGE=/boot/vmlinuz-4.4.0-81-generic root=LABEL=cloudimg-rootfs ro console=tty1 console=ttyS0
[    0.000000] PID hash table entries: 4096 (order: 3, 32768 bytes)
[    0.000000] Memory: 1001800K/1048120K available (8469K kernel code, 1294K rwdata, 3984K rodata, 1484K init, 1316K bss, 46320K reserved, 0K cma-reserved)
[    0.000000] SLUB: HWalign=64, Order=0-3, MinObjects=0, CPUs=2, Nodes=1
[    0.000000] Hierarchical RCU implementation.
[    0.000000] 	Build-time adjustment of leaf fanout to 64.
[    0.000000] 	RCU restricting CPUs from NR_CPUS=512 to nr_cpu_ids=2.
[    0.000000] RCU: Adjusting geometry for rcu_fanout_leaf=64, nr_cpu_ids=2
[    0.000000] NR_IRQS:33024 nr_irqs:440 16
[    0.000000] Console: colour VGA+ 80x25
[    0.000000] console [tty1] enabled
[    0.000000] console [ttyS0] enabled
[    0.000000] tsc: Detected 2593.748 MHz processor
[    2.170734] Calibrating delay loop (skipped) preset value.. 5187.49 BogoMIPS (lpj=10374992)
[    2.210704] pid_max: default: 32768 minimum: 301
[    2.226918] ACPI: Core revision 20150930
[    2.228915] ACPI: 2 ACPI AML tables successfully acquired and loaded
[    2.241118] Security Framework initialized
[    2.246029] Yama: becoming mindful.
[    2.246844] AppArmor: AppArmor initialized
[    2.247852] Dentry cache hash table entries: 131072 (order: 8, 1048576 bytes)
[    2.266028] Inode-cache hash table entries: 65536 (order: 7, 524288 bytes)
[    2.291765] Mount-cache hash table entries: 2048 (order: 2, 16384 bytes)
[    2.293027] Mountpoint-cache hash table entries: 2048 (order: 2, 16384 bytes)
[    2.308944] Initializing cgroup subsys io
[    2.315147] Initializing cgroup subsys memory
[    2.330880] Initializing cgroup subsys devices
[    2.331862] Initializing cgroup subsys freezer
[    2.354161] Initializing cgroup subsys net_cls
[    2.355119] Initializing cgroup subsys perf_event
[    2.371185] Initializing cgroup subsys net_prio
[    2.412180] Initializing cgroup subsys hugetlb
[    2.423676] Initializing cgroup subsys pids
[    2.426651] CPU: Physical Processor ID: 0
[    2.427542] CPU: Processor Core ID: 0
[    2.434729] mce: CPU supports 0 MCE banks
[    2.466414] Last level iTLB entries: 4KB 512, 2MB 8, 4MB 8
[    2.479745] Last level dTLB entries: 4KB 512, 2MB 0, 4MB 0, 1GB 4
[    2.502510] Freeing SMP alternatives memory: 32K (ffffffff820b8000 - ffffffff820c0000)
[    2.532669] ftrace: allocating 32129 entries in 126 pages
[    2.604978] smpboot: APIC(0) Converting physical 0 to logical package 0
[    2.623837] smpboot: Max logical packages: 1
[    2.630362] x2apic enabled
[    2.631362] Switched APIC routing to physical x2apic.
[    2.648256] ..TIMER: vector=0x30 apic1=0 pin1=2 apic2=-1 pin2=-1
[    2.787014] smpboot: CPU0: Intel(R) Xeon(R) CPU E5-2630 v2 @ 2.60GHz (family: 0x6, model: 0x3e, stepping: 0x4)
[    2.822913] Performance Events: unsupported p6 CPU model 62 no PMU driver, software events only.
[    2.843222] KVM setup paravirtual spinlock
[    2.849908] x86: Booting SMP configuration:
[    2.891811] .... node  #0, CPUs:      #1
[    2.900287] kvm-clock: cpu 1, msr 0:3ffe3041, secondary cpu clock
[    2.908693] mce: CPU supports 0 MCE banks
[    2.914082] TSC synchronization [CPU#0 -> CPU#1]:
[    3.074340] Measured 302 cycles TSC warp between CPUs, turning off TSC clock.
[    3.098641] tsc: Marking TSC unstable due to check_tsc_sync_source failed
[    3.120134] x86: Booted up 1 node, 2 CPUs
[    3.180809] smpboot: Total of 2 processors activated (10374.99 BogoMIPS)
[    0.208070] devtmpfs: initialized
[    0.213937] evm: security.selinux
[    0.216006] evm: security.SMACK64
[    0.220003] evm: security.SMACK64EXEC
[    0.224003] evm: security.SMACK64TRANSMUTE
[    0.228005] evm: security.SMACK64MMAP
[    0.232003] evm: security.ima
[    0.232730] evm: security.capability
[    0.236136] clocksource: jiffies: mask: 0xffffffff max_cycles: 0xffffffff, max_idle_ns: 7645041785100000 ns
[    0.240017] futex hash table entries: 512 (order: 3, 32768 bytes)
[    0.244965] pinctrl core: initialized pinctrl subsystem
[    0.248148] RTC time: 14:47:46, date: 06/27/17
[    0.252241] NET: Registered protocol family 16
[    0.268012] cpuidle: using governor ladder
[    0.284012] cpuidle: using governor menu
[    0.288015] PCCT header not found.
[    0.292079] ACPI: bus type PCI registered
[    0.292959] acpiphp: ACPI Hot Plug PCI Controller Driver version: 0.5
[    0.296122] PCI: Using configuration type 1 for base access
[    0.316246] ACPI: Added _OSI(Module Device)
[    0.320005] ACPI: Added _OSI(Processor Device)
[    0.324004] ACPI: Added _OSI(3.0 _SCP Extensions)
[    0.328004] ACPI: Added _OSI(Processor Aggregator Device)
[    0.329839] ACPI: Executed 1 blocks of module-level executable AML code
[    0.335211] ACPI: Interpreter enabled
[    0.336016] ACPI: (supports S0 S5)
[    0.340004] ACPI: Using IOAPIC for interrupt routing
[    0.342093] PCI: Using host bridge windows from ACPI; if necessary, use "pci=nocrs" and report a bug
[    0.354641] ACPI: PCI Root Bridge [PCI0] (domain 0000 [bus 00-ff])
[    0.372010] acpi PNP0A03:00: _OSC: OS supports [ASPM ClockPM Segments MSI]
[    0.376009] acpi PNP0A03:00: _OSC failed (AE_NOT_FOUND); disabling ASPM
[    0.384013] acpi PNP0A03:00: fail to add MMCONFIG information, can't access extended PCI configuration space under this bridge.
[    0.388297] PCI host bridge to bus 0000:00
[    0.392006] pci_bus 0000:00: root bus resource [io  0x0000-0x0cf7 window]
[    0.400005] pci_bus 0000:00: root bus resource [io  0x0d00-0xffff window]
[    0.408005] pci_bus 0000:00: root bus resource [mem 0x000a0000-0x000bffff window]
[    0.420005] pci_bus 0000:00: root bus resource [mem 0x40000000-0xffdfffff window]
[    0.424005] pci_bus 0000:00: root bus resource [bus 00-ff]
[    0.433764] pci 0000:00:01.1: legacy IDE quirk: reg 0x10: [io  0x01f0-0x01f7]
[    0.436004] pci 0000:00:01.1: legacy IDE quirk: reg 0x14: [io  0x03f6]
[    0.440004] pci 0000:00:01.1: legacy IDE quirk: reg 0x18: [io  0x0170-0x0177]
[    0.444004] pci 0000:00:01.1: legacy IDE quirk: reg 0x1c: [io  0x0376]
[    0.465832] pci 0000:00:07.0: quirk: [io  0x4000-0x403f] claimed by PIIX4 ACPI
[    0.480004] pci 0000:00:07.0: quirk: [io  0x4100-0x410f] claimed by PIIX4 SMB
[    0.516182] ACPI: PCI Interrupt Link [LNKA] (IRQs 5 9 10 *11)
[    0.528690] ACPI: PCI Interrupt Link [LNKB] (IRQs 5 9 10 *11)
[    0.537078] ACPI: PCI Interrupt Link [LNKC] (IRQs 5 9 *10 11)
[    0.544691] ACPI: PCI Interrupt Link [LNKD] (IRQs 5 *9 10 11)
[    0.553133] ACPI: Enabled 2 GPEs in block 00 to 07
[    0.556278] vgaarb: setting as boot device: PCI:0000:00:02.0
[    0.560000] vgaarb: device added: PCI:0000:00:02.0,decodes=io+mem,owns=io+mem,locks=none
[    0.568004] vgaarb: loaded
[    0.572004] vgaarb: bridge control possible 0000:00:02.0
[    0.573690] SCSI subsystem initialized
[    0.576084] ACPI: bus type USB registered
[    0.580038] usbcore: registered new interface driver usbfs
[    0.584017] usbcore: registered new interface driver hub
[    0.592021] usbcore: registered new device driver usb
[    0.608152] PCI: Using ACPI for IRQ routing
[    0.612361] NetLabel: Initializing
[    0.616004] NetLabel:  domain hash size = 128
[    0.620003] NetLabel:  protocols = UNLABELED CIPSOv4
[    0.624022] NetLabel:  unlabeled traffic allowed by default
[    0.628080] amd_nb: Cannot enumerate AMD northbridges
[    0.629174] clocksource: Switched to clocksource kvm-clock
[    0.637833] AppArmor: AppArmor Filesystem Enabled
[    0.733163] pnp: PnP ACPI init
[    0.769872] pnp: PnP ACPI: found 3 devices
[    0.893834] clocksource: acpi_pm: mask: 0xffffff max_cycles: 0xffffff, max_idle_ns: 2085701024 ns
[    1.159299] NET: Registered protocol family 2
[    1.391239] TCP established hash table entries: 8192 (order: 4, 65536 bytes)
[    1.796968] TCP bind hash table entries: 8192 (order: 5, 131072 bytes)
[    1.971135] TCP: Hash tables configured (established 8192 bind 8192)
[    2.311133] UDP hash table entries: 512 (order: 2, 16384 bytes)
[    2.646786] UDP-Lite hash table entries: 512 (order: 2, 16384 bytes)
[    3.009125] NET: Registered protocol family 1
[    3.201001] pci 0000:00:00.0: Limiting direct PCI/PCI transfers
[    3.531078] pci 0000:00:01.0: Activating ISA DMA hang workarounds
[    3.877865] Unpacking initramfs...
[    6.087074] Freeing initrd memory: 10780K (ffff880036ae2000 - ffff880037569000)
[    6.501066] RAPL PMU detected, API unit is 2^-32 Joules, 3 fixed counters 10737418240 ms ovfl timer
[    7.020972] hw unit of domain pp0-core 2^-0 Joules
[    7.280583] hw unit of domain package 2^-0 Joules
[    7.550578] hw unit of domain dram 2^-0 Joules
[    7.800612] clocksource: tsc: mask: 0xffffffffffffffff max_cycles: 0x25632a14f90, max_idle_ns: 440795228339 ns
[    7.836375] platform rtc_cmos: registered platform RTC device (no PNP device found)
[    7.983973] Scanning for low memory corruption every 60 seconds
[    8.157905] audit: initializing netlink subsys (disabled)
[    8.380677] audit: type=2000 audit(1498574876.478:1): initialized
[    8.391655] Initialise system trusted keyring
[    8.460912] HugeTLB registered 2 MB page size, pre-allocated 0 pages
[    8.752237] zbud: loaded
[    8.808772] VFS: Disk quotas dquot_6.6.0
[    8.820904] VFS: Dquot-cache hash table entries: 512 (order 0, 4096 bytes)
[    8.841205] squashfs: version 4.0 (2009/01/31) Phillip Lougher
[    8.842792] fuse init (API version 7.23)
[    8.845212] Key type big_key registered
[    8.846133] Allocating IMA MOK and blacklist keyrings.
[    8.848650] Key type asymmetric registered
[    8.854397] Asymmetric key parser 'x509' registered
[    8.856999] Block layer SCSI generic (bsg) driver version 0.4 loaded (major 249)
[    8.861759] io scheduler noop registered
[    8.862646] io scheduler deadline registered (default)
[    8.940607] io scheduler cfq registered
[    9.120665] pci_hotplug: PCI Hot Plug PCI Core version: 0.5
[    9.438581] pciehp: PCI Express Hot Plug Controller Driver version: 0.4
[    9.586667] ACPI: AC Adapter [AC] (on-line)
[    9.690646] input: Power Button as /devices/LNXSYSTM:00/LNXPWRBN:00/input/input0
[    9.731262] ACPI: Power Button [PWRF]
[    9.930615] input: Sleep Button as /devices/LNXSYSTM:00/LNXSLPBN:00/input/input1
[   10.326706] ACPI: Sleep Button [SLPF]
[   10.396958] GHES: HEST is not enabled!
[   10.400747] Serial: 8250/16550 driver, 32 ports, IRQ sharing enabled
[   10.430798] 00:02: ttyS0 at I/O 0x3f8 (irq = 4, base_baud = 115200) is a 16550A
[   10.842215] Linux agpgart interface v0.103
[   11.072710] loop: module loaded
[   11.251201] scsi host0: ata_piix
[   11.440627] scsi host1: ata_piix
[   11.566348] ata1: PATA max UDMA/33 cmd 0x1f0 ctl 0x3f6 bmdma 0xd000 irq 14
[   11.930529] ata2: PATA max UDMA/33 cmd 0x170 ctl 0x376 bmdma 0xd008 irq 15
[   12.330943] libphy: Fixed MDIO Bus: probed
[   12.560465] tun: Universal TUN/TAP device driver, 1.6
[   12.840440] tun: (C) 1999-2004 Max Krasnyansky <maxk@qualcomm.com>
[   13.200541] PPP generic driver version 2.4.2
[   13.440461] ehci_hcd: USB 2.0 'Enhanced' Host Controller (EHCI) Driver
[   13.809506] ehci-pci: EHCI PCI platform driver
[   14.006344] ehci-platform: EHCI generic platform driver
[   14.146308] ohci_hcd: USB 1.1 'Open' Host Controller (OHCI) Driver
[   14.500438] ohci-pci: OHCI PCI platform driver
[   14.750369] ohci-platform: OHCI generic platform driver
[   15.038367] uhci_hcd: USB Universal Host Controller Interface driver
[   15.230503] i8042: PNP: PS/2 Controller [PNP0303:PS2K,PNP0f03:PS2M] at 0x60,0x64 irq 1,12
[   15.241767] serio: i8042 KBD port at 0x60,0x64 irq 1
[   15.390510] serio: i8042 AUX port at 0x60,0x64 irq 12
[   15.660575] mousedev: PS/2 mouse device common for all mice
[   15.960960] input: AT Translated Set 2 keyboard as /devices/platform/i8042/serio0/input/input2
[   16.176313] rtc_cmos rtc_cmos: rtc core: registered rtc_cmos as rtc0
[   16.176514] rtc_cmos rtc_cmos: alarms up to one day, 114 bytes nvram
[   16.176552] i2c /dev entries driver
[   16.176733] device-mapper: uevent: version 1.0.3
[   16.176921] device-mapper: ioctl: 4.34.0-ioctl (2015-10-28) initialised: dm-devel@redhat.com
[   16.176980] ledtrig-cpu: registered to indicate activity on CPUs
[   16.177733] NET: Registered protocol family 10
[   16.178191] NET: Registered protocol family 17
[   16.178223] Key type dns_resolver registered
[   16.178606] microcode: CPU0 sig=0x306e4, pf=0x2, revision=0x19
[   16.177292] microcode: CPU1 sig=0x306e4, pf=0x2, revision=0x19
[   16.301906] microcode: Microcode Update Driver: v2.01 <tigran@aivazian.fsnet.co.uk>, Peter Oruba
[   16.302119] registered taskstats version 1
[   16.302137] Loading compiled-in X.509 certificates
[   16.302986] Loaded X.509 cert 'Build time autogenerated kernel key: 4e3fcaabc4148de0b198d1fb3d36a6c6d4cf062b'
[   16.303023] zswap: loaded using pool lzo/zbud
[   16.305018] Key type trusted registered
[   16.307802] Key type encrypted registered
[   16.307809] AppArmor: AppArmor sha1 policy hashing enabled
[   16.307812] ima: No TPM chip found, activating TPM-bypass!
[   16.307838] evm: HMAC attrs: 0x1
[   16.308287]   Magic number: 5:749:789
[   16.430322] rtc_cmos rtc_cmos: setting system clock to 2017-06-27 14:48:02 UTC (1498574882)
[   16.430542] BIOS EDD facility v0.16 2004-Jun-25, 0 devices found
[   16.430542] EDD information not available.
[   21.492018] Freeing unused kernel memory: 1484K (ffffffff81f45000 - ffffffff820b8000)
[   21.729248] Write protecting the kernel read-only data: 14336k
[   21.882644] Freeing unused kernel memory: 1760K (ffff880001848000 - ffff880001a00000)
[   21.906480] Freeing unused kernel memory: 112K (ffff880001de4000 - ffff880001e00000)
Loading, please wait...
starting version[   21.936969] random: systemd-udevd: uninitialized urandom read (16 bytes read, 4 bits of entropy available)
 229
[   21.937727] random: udevadm: uninitialized urandom read (16 bytes read, 4 bits of entropy available)
[   21.937777] random: udevadm: uninitialized urandom read (16 bytes read, 4 bits of entropy available)
[   21.937951] random: udevadm: uninitialized urandom read (16 bytes read, 4 bits of entropy available)
[   21.938028] random: udevadm: uninitialized urandom read (16 bytes read, 4 bits of entropy available)
[   21.938108] random: udevadm: uninitialized urandom read (16 bytes read, 4 bits of entropy available)
[   21.938170] random: udevadm: uninitialized urandom read (16 bytes read, 4 bits of entropy available)
[   21.938232] random: udevadm: uninitialized urandom read (16 bytes read, 4 bits of entropy available)
[   21.938294] random: udevadm: uninitialized urandom read (16 bytes read, 4 bits of entropy available)
[   21.938353] random: udevadm: uninitialized urandom read (16 bytes read, 4 bits of entropy available)
[   22.201669] e1000: Intel(R) PRO/1000 Network Driver - version 7.3.21-k8-NAPI
[   22.286052] e1000: Copyright (c) 1999-2006 Intel Corporation.
[   22.310799] Fusion MPT base driver 3.04.20
[   22.313225] Copyright (c) 1999-2008 LSI Corporation
[   22.323075] Fusion MPT SPI Host driver 3.04.20
[   22.334131] mptbase: ioc0: Initiating bringup
[   22.350007] AVX version of gcm_enc/dec engaged.
[   22.400277] ioc0: LSI53C1030 A0: Capabilities={Initiator}
[   22.501638] AES CTR mode by8 optimization enabled
[   22.543415] input: ImExPS/2 Generic Explorer Mouse as /devices/platform/i8042/serio1/input/input4
[   22.625728] scsi host2: ioc0: LSI53C1030 A0, FwRev=00000000h, Ports=1, MaxQ=256, IRQ=20
[   23.080936] scsi 2:0:0:0: Direct-Access     VBOX     HARDDISK         1.0  PQ: 0 ANSI: 5
[   23.264326] scsi target2:0:0: Beginning Domain Validation
[   23.267768] scsi target2:0:0: Domain Validation skipping write tests
[   23.271239] scsi target2:0:0: Ending Domain Validation
[   23.287868] scsi target2:0:0: asynchronous
[   23.290392] scsi 2:0:1:0: Direct-Access     VBOX     HARDDISK         1.0  PQ: 0 ANSI: 5
[   23.392786] scsi target2:0:1: Beginning Domain Validation
[   23.433752] e1000 0000:00:03.0 eth0: (PCI:33MHz:32-bit) 02:2f:7f:ec:82:b2
[   23.433759] e1000 0000:00:03.0 eth0: Intel(R) PRO/1000 Network Connection
[   23.726035] scsi target2:0:1: Domain Validation skipping write tests
[   23.731651] scsi target2:0:1: Ending Domain Validation
[   23.732847] scsi target2:0:1: asynchronous
[   23.749647] sd 2:0:0:0: Attached scsi generic sg0 type 0
[   23.749688] sd 2:0:0:0: [sda] 20971520 512-byte logical blocks: (10.7 GB/10.0 GiB)
[   23.749921] sd 2:0:0:0: [sda] Write Protect is off
[   23.750034] sd 2:0:0:0: [sda] Incomplete mode parameter data
[   23.750036] sd 2:0:0:0: [sda] Assuming drive cache: write through
[   23.750892]  sda: sda1
[   23.751570] sd 2:0:0:0: [sda] Attached SCSI disk
[   23.800294] sd 2:0:1:0: Attached scsi generic sg1 type 0
[   23.803205] sd 2:0:1:0: [sdb] 20480 512-byte logical blocks: (10.5 MB/10.0 MiB)
[   23.816788] e1000 0000:00:08.0 eth1: (PCI:33MHz:32-bit) 08:00:27:31:f8:1a
[   23.816792] e1000 0000:00:08.0 eth1: Intel(R) PRO/1000 Network Connection
[   24.038387] e1000 0000:00:03.0 enp0s3: renamed from eth0
[   25.020647] sd 2:0:1:0: [sdb] Write Protect is off
[   25.027152] e1000 0000:00:08.0 enp0s8: renamed from eth1
[   25.440062] floppy0: no floppy controllers found
[   25.537286] sd 2:0:1:0: [sdb] Incomplete mode parameter data
[   25.541560] sd 2:0:1:0: [sdb] Assuming drive cache: write through
[   25.548395] sd 2:0:1:0: [sdb] Attached SCSI disk
Begin: Loading e[   26.950008] md: linear personality registered for level -1
ssential drivers ... [   27.027942] md: multipath personality registered for level -4
[   27.034573] md: raid0 personality registered for level 0
[   27.083612] md: raid1 personality registered for level 1
[   27.180054] raid6: sse2x1   gen()  6742 MB/s
[   27.304049] raid6: sse2x1   xor()  5514 MB/s
[   27.380056] raid6: sse2x2   gen()  8510 MB/s
[   27.448047] raid6: sse2x2   xor()  6146 MB/s
[   27.568047] raid6: sse2x4   gen()  9955 MB/s
[   27.644049] raid6: sse2x4   xor()  7384 MB/s
[   27.680584] raid6: using algorithm sse2x4 gen() 9955 MB/s
[   27.692562] raid6: .... xor() 7384 MB/s, rmw enabled
[   27.718478] raid6: using ssse3x2 recovery algorithm
[   27.743156] xor: automatically using best checksumming function:
[   27.792615]    avx       : 16470.000 MB/sec
[   27.802261] async_tx: api initialized (async)
[   27.830434] md: raid6 personality registered for level 6
[   27.861755] md: raid5 personality registered for level 5
[   27.868709] md: raid4 personality registered for level 4
[   27.891199] md: raid10 personality registered for level 10
done.
Begin: Running /scripts/init-premount ... done.
Begin: Mounting root file system ... Begin: Running /scripts/local-top ... done.
Begin: Running /scripts/local-premount ... [   27.934979] Btrfs loaded
Scanning for Btrfs filesystems
done.
Warning: fsck no[   27.978209] EXT4-fs (sda1): mounted filesystem with ordered data mode. Opts: (null)
t present, so skipping root file system
done.
Begin: Running /scripts/local-bottom ... done.
Begin: Running /scripts/init-bottom ... done.
[   28.100851] systemd[1]: systemd 229 running in system mode. (+PAM +AUDIT +SELINUX +IMA +APPARMOR +SMACK +SYSVINIT +UTMP +LIBCRYPTSETUP +GCRYPT +GNUTLS +ACL +XZ -LZ4 +SECCOMP +BLKID +ELFUTILS +KMOD -IDN)
[   28.147427] systemd[1]: Detected virtualization oracle.
[   28.155545] systemd[1]: Detected architecture x86-64.

Welcome to [1mUbuntu 16.04.2 LTS[0m!

[   28.184734] systemd[1]: Set hostname to <ubuntu-xenial>.
[   28.609834] systemd[1]: Listening on /dev/initctl Compatibility Named Pipe.
[[0;32m  OK  [0m] Listening on /dev/initctl Compatibility Named Pipe.
[   29.014413] systemd[1]: Reached target Swap.
[[0;32m  OK  [0m] Reached target Swap.
[   29.032543] systemd[1]: Started Forward Password Requests to Wall Directory Watch.
[[0;32m  OK  [0m] Started Forward Password Requests to Wall Directory Watch.
[   29.484577] systemd[1]: Listening on Device-mapper event daemon FIFOs.
[[0;32m  OK  [0m] Listening on Device-mapper event daemon FIFOs.
[   29.831106] systemd[1]: Created slice User and Session Slice.
[[0;32m  OK  [0m] Created slice User and Session Slice.
[   29.904231] systemd[1]: Listening on LVM2 metadata daemon socket.
[[0;32m  OK  [0m] Listening on LVM2 metadata daemon socket.
[   30.244572] systemd[1]: Started Trigger resolvconf update for networkd DNS.
[[0;32m  OK  [0m] Started Trigger resolvconf update for networkd DNS.
[   30.493286] systemd[1]: Listening on LVM2 poll daemon socket.
[[0;32m  OK  [0m] Listening on LVM2 poll daemon socket.
[   30.796426] systemd[1]: Reached target Encrypted Volumes.
[[0;32m  OK  [0m] Reached target Encrypted Volumes.
[   30.813165] systemd[1]: Created slice System Slice.
[[0;32m  OK  [0m] Created slice System Slice.
[   30.856721] systemd[1]: Created slice system-serial\x2dgetty.slice.
[[0;32m  OK  [0m] Created slice system-serial\x2dgetty.slice.
[   30.871626] systemd[1]: Reached target Slices.
[[0;32m  OK  [0m] Reached target Slices.
[   31.110357] systemd[1]: Listening on udev Kernel Socket.
[[0;32m  OK  [0m] Listening on udev Kernel Socket.
[   31.237215] systemd[1]: Listening on Journal Socket.
[[0;32m  OK  [0m] Listening on Journal Socket.
[   31.332349] systemd[1]: Mounting Huge Pages File System...
         Mounting Huge Pages File System...
[   31.636346] systemd[1]: Starting Remount Root and Kernel File Systems...
[   31.643863] EXT4-fs (sda1): re-mounted. Opts: (null)
         Starting Remount Root and Kernel File Systems...
[   31.915713] systemd[1]: Mounting POSIX Message Queue File System...
         Mounting POSIX Message Queue File System...
[   32.248487] systemd[1]: Starting Monitoring of LVM2 mirrors, snapshots etc. using dmeventd or progress polling...
         Starting Monitoring of LVM2 mirrors... dmeventd or progress polling...
[   32.814668] systemd[1]: Starting Create list of required static device nodes for the current kernel...
[   32.816073] random: nonblocking pool is initialized
         Starting Create list of required st... nodes for the current kernel...
[   33.172269] systemd[1]: Mounting Debug File System...
         Mounting Debug File System...
[   33.468413] systemd[1]: Starting Set console keymap...
         Starting Set console keymap...
[   33.820501] systemd[1]: Starting Uncomplicated firewall...
         Starting Uncomplicated firewall...
[   34.137453] systemd[1]: Starting Load Kernel Modules...
         Starting Load Kernel Modules...
[   34.148635] systemd[1]: Listening on Journal Audit Socket.
[   34.157223] Loading iSCSI transport class v2.0-870.
[[0;32m  OK  [[   34.165318] iscsi: registered transport (tcp)
0m] Listening on Journal Audit Socket.
[   34.199590] iscsi: registered transport (iser)
[   34.352580] systemd[1]: Starting Nameserver information manager...
         Starting Nameserver information manager...
[   34.734998] systemd[1]: Listening on Syslog Socket.
[[0;32m  OK  [0m] Listening on Syslog Socket.
[   35.031179] systemd[1]: Listening on Journal Socket (/dev/log).
[[0;32m  OK  [0m] Listening on Journal Socket (/dev/log).
[   35.048789] systemd[1]: Set up automount Arbitrary Executable File Formats File System Automount Point.
[[0;32m  OK  [0m] Set up automount Arbitrary Executab...ats File System Automount Point.
[   35.092577] systemd[1]: Starting Journal Service...
         Starting Journal Service...
[   35.300117] systemd[1]: Reached target User and Group Name Lookups.
[[0;32m  OK  [0m] Reached target User and Group Name Lookups.
[   35.331482] systemd[1]: Listening on udev Control Socket.
[[0;32m  OK  [0m] Listening on udev Control Socket.
[   35.370537] systemd[1]: Mounted Huge Pages File System.
[[0;32m  OK  [0m] Mounted Huge Pages File System.
[   35.447935] systemd[1]: Mounted POSIX Message Queue File System.
[[0;32m  OK  [0m] Mounted POSIX Message Queue File System.
[   35.456553] systemd[1]: Mounted Debug File System.
[[0;32m  OK  [0m] Mounted Debug File System.
[   35.472665] systemd[1]: Started Journal Service.
[[0;32m  OK  [0m] Started Journal Service.
[[0;32m  OK  [0m] Started Remount Root and Kernel File Systems.
[[0;32m  OK  [0m] Started Create list of required sta...ce nodes for the current kernel.
[[0;32m  OK  [0m] Started Set console keymap.
[[0;32m  OK  [0m] Started Uncomplicated firewall.
[[0;32m  OK  [0m] Started Load Kernel Modules.
[[0;32m  OK  [0m] Started Nameserver information manager.
[[0;32m  OK  [0m] Started LVM2 metadata daemon.
         Starting Apply Kernel Variables...
         Mounting FUSE Control File System...
         Starting Create Static Device Nodes in /dev...
         Starting Initial cloud-init job (pre-networking)...
         Starting udev Coldplug all Devices...
         Starting Load/Save Random Seed...
         Starting Flush Journal to Persistent Storage...
[[0;32m  OK  [0m] Mounted FUSE Control File System.
[[0;32m  OK  [0m] Started Apply Kernel Variables.
[[0;32m  OK  [0m] Started Create Static Device Nodes in /dev.
[[0;32m  OK  [0m] Started Load/Save Random Seed.
[[0;32m  OK  [0m] Started udev Coldplug all Devices.
[[0;32m  OK  [0m] Started Monitoring of LVM2 mirrors,...ng dmeventd or progress polling.
[[0;32m  OK  [0m] Started Flush Journal to Persistent Storage.
         Starting udev Kernel Device Manager...
[[0;32m  OK  [0m] Started udev Kernel Device Manager.
[[0;32m  OK  [0m] Reached target Local File Systems (Pre).
[[0;32m  OK  [0m] Reached target Local File Systems.
         Starting Tell Plymouth To Write Out Runtime Data...
         Starting Set console font and keymap...
         Starting LSB: AppArmor initialization...
         Starting Create Volatile Files and Directories...
[[0;32m  OK  [0m] Started Dispatch Password Requests to Console Directory Watch.
[[0;32m  OK  [0m] Started Tell Plymouth To Write Out Runtime Data.
[[0;32m  OK  [0m] Started Create Volatile Files and Directories.
[[0;32m  OK  [0m] Found device /dev/ttyS0.
[[0;32m  OK  [0m] Reached target System Time Synchronized.
         Starting Update UTMP about System Boot/Shutdown...
[[0;32m  OK  [0m] Started Update UTMP about System Boot/Shutdown.
[[0;32m  OK  [0m] Started LSB: AppArmor initialization.
[   36.768866] cloud-init[455]: Cloud-init v. 0.7.9 running 'init-local' at Tue, 27 Jun 2017 14:48:22 +0000. Up 36.23 seconds.
[[0;32m  OK  [0m] Found device 82540EM Gigabit Ethern...r (PRO/1000 MT Desktop Adapter).
[[0;32m  OK  [0m] Started Initial cloud-init job (pre-networking).
[[0;32m  OK  [0m] Listening on Load/Save RF Kill Switch Status /dev/rfkill Watch.
[[0;32m  OK  [0m] Reached target Network (Pre).
         Starting Raise network interfaces...
[[0;32m  OK  [0m] Started ifup for enp0s3.
[[0;32m  OK  [0m] Started Set console font and keymap.
[[0;32m  OK  [0m] Created slice system-getty.slice.
[[0;32m  OK  [0m] Started Raise network interfaces.
         Starting Initial cloud-init job (metadata service crawler)...
[[0;32m  OK  [0m] Reached target Network.
[   40.266022] cloud-init[995]: Cloud-init v. 0.7.9 running 'init' at Tue, 27 Jun 2017 14:48:26 +0000. Up 39.95 seconds.
[   40.317250] cloud-init[995]: ci-info: ++++++++++++++++++++++++++++++++++++++Net device info++++++++++++++++++++++++++++++++++++++
[[0;32m  OK  [0m] Started Initial cloud-init job (metadata service crawler).
[   40.317602] cloud-init[995]: ci-info: +--------+-------+----------------------------+---------------+-------+-------------------+
[   40.376695] cloud-init[995]: ci-info: | Device |   Up  |          Address           |      Mask     | Scope |     Hw-Address    |
[   40.377685] cloud-init[995]: ci-info: +--------+-------+----------------------------+---------------+-------+-------------------+
[[0;32m  OK  [0m] Reached target System Initialization.
[   40.378160] cloud-init[995]: ci-info: | enp0s3 |  True |         10.0.2.15          | 255.255.255.0 |   .   | 02:2f:7f:ec:82:b2 |
[   40.442489] cloud-init[995]: ci-info: | enp0s3 |  True | fe80::2f:7fff:feec:82b2/64 |       .       |  link | 02:2f:7f:ec:82:b2 |
[   40.443407] cloud-init[995]: ci-info: |   lo   |  True |         127.0.0.1          |   255.0.0.0   |   .   |         .         |
[[0;32m  OK  [0m] Started ACPI Events Check.
[   40.443876] cloud-init[995]: ci-info: |   lo   |  True |          ::1/128           |       .       |  host |         .         |
[[0;32m  OK  [0m] Reached target Paths.
[   40.484484] cloud-init[995]: ci-info: | enp0s8 | False |             .              |       .       |   .   | 08:00:27:31:f8:1a |
[   40.512822] [cloud-init[0;32m  OK  [0m[995]: ] ci-info: +--------+-------+----------------------------+---------------+-------+-------------------+Listening on ACPID Listen Socket.

[   40.513102] cloud-init[995]: ci-info: +++++++++++++++++++++++++++Route IPv4 info++++++++++++++++++++++++++++
[   40.558388] cloud-init[995]: ci-info: +-------+-------------+----------+---------------+-----------+-------+
[   40.558629] cloud-init[995]: ci-info: | Route | Destination | Gateway  |    Genmask    | Interface | Flags |
[   40.558941] cloud-init[995]: ci-info: +-------+-------------+----------+---------------+-----------+-------+
[   40.559261] cloud-init[995]: ci-info: |   0   |   0.0.0.0   | 10.0.2.2 |    0.0.0.0    |   enp0s3  |   UG  |
[   40.559552] cloud-init[995]: ci-info: |   1   |   10.0.2.0  | 0.0.0.0  | 255.255.255.0 |   enp0s3  |   U   |
[   40.559850] cloud-init[995]: ci-info: +-------+-------------+----------+---------------+-----------+-------+
[[0;32m  OK  [0m] Listening on D-Bus System Message Bus Socket.
[[0;32m  OK  [0m] Listening on UUID daemon activation socket.
[[0;32m  OK  [0m] Started Timer to automatically refresh installed snaps.
         Starting Socket activation for snappy daemon.
         Starting LXD - unix socket.
[[0;32m  OK  [0m] Started Daily apt activities.
[[0;32m  OK  [0m] Started Daily Cleanup of Temporary Directories.
[[0;32m  OK  [0m] Reached target Timers.
[[0;32m  OK  [0m] Reached target Cloud-config availability.
[[0;32m  OK  [0m] Reached target Network is Online.
         Starting iSCSI initiator daemon (iscsid)...
[[0;32m  OK  [0m] Listening on Socket activation for snappy daemon.
[[0;32m  OK  [0m] Listening on LXD - unix socket.
[[0;32m  OK  [0m] Started iSCSI initiator daemon (iscsid).
         Starting Login to default iSCSI targets...
[[0;32m  OK  [0m] Reached target Sockets.
[[0;32m  OK  [0m] Reached target Basic System.
         Starting Apply the settings specified in cloud-config...
[[0;32m  OK  [0m] Started Snappy daemon.
         Starting Accounts Service...
         Starting LSB: MD monitoring daemon...
         Starting /etc/rc.local Compatibility...
[[0;32m  OK  [0m] Started Regular background program processing daemon.
         Starting OpenBSD Secure Shell server...
[[0;32m  OK  [0m] Started D-Bus System Message Bus.
[[0;32m  OK  [0m] Started Unattended Upgrades Shutdown.
         Starting LXD - container startup/shutdown...
[[0;32m  OK  [0m] Started ACPI event daemon.
         Starting Login Service...
         Starting LSB: Record successful boot for GRUB...
[[0;32m  OK  [0m] Started Deferred execution scheduler.
         Starting System Logging Service...
[[0;32m  OK  [0m] Started FUSE filesystem for LXC.
         Starting Auto import assertions from block devices...
[[0;32m  OK  [0m] Started OpenBSD Secure Shell server.
[[0;32m  OK  [0m] Started /etc/rc.local Compatibility.
[[0;32m  OK  [0m] Started LXD - container startup/shutdown.
[[0;32m  OK  [0m] Started System Logging Service.
[[0;32m  OK  [0m] Started Auto import assertions from block devices.
[[0;32m  OK  [0m] Started Login to default iSCSI targets.
[[0;32m  OK  [0m] Started LSB: MD monitoring daemon.
         Starting Authenticate and Authorize Users to Run Privileged Tasks...
[[0;32m  OK  [0m] Reached target Remote File Systems (Pre).
[[0;32m  OK  [0m] Reached target Remote File Systems.
[   41.527318] cloud-init[1055]: Cloud-init v. 0.7.9 running 'modules:config' at Tue, 27 Jun 2017 14:48:27 +0000. Up 41.39 seconds.
         Starting LSB: automatic crash report generation...
         Starting Permit User Sessions...
         Starting LSB: daemon to balance interrupts for SMP systems...
         Starting LSB: VirtualBox Linux Additions...
         Starting LSB: Set the CPU Frequency Scaling governor to "ondemand"...
[[0;32m  OK  [0m] Started Apply the settings specified in cloud-config.
[[0;32m  OK  [0m] Started LSB: Record successful boot for GRUB.
[[0;32m  OK  [0m] Started Permit User Sessions.
[[0;32m  OK  [0m] Started Login Service.
[[0;32m  OK  [0m] Started Authenticate and Authorize Users to Run Privileged Tasks.
[[0;32m  OK  [0m] Started Accounts Service.
[[0;32m  OK  [0m] Created slice User Slice of ubuntu.
         Starting User Manager for UID 1000...
[[0;32m  OK  [0m] Started Session 1 of user ubuntu.
         Starting Hold until boot process finishes up...
         Starting Terminate Plymouth Boot Screen...
[[0;32m  OK  [0m] Started User Manager for UID 1000.
[[0;32m  OK  [0m] Started LSB: automatic crash report generation.
[[0;32m  OK  [0m] Started LSB: daemon to balance interrupts for SMP systems.
[[0;32m  OK  [0m] Started LSB: VirtualBox Linux Additions.
[[0;32m  OK  [0m] Started Hold until boot process finishes up.
[[0;32m  OK  [0m] Started Terminate Plymouth Boot Screen.
[[0;32m  OK  [0m] Started LSB: Set the CPU Frequency Scaling governor to "ondemand".
[[0;32m  OK  [0m] Started Serial Getty on ttyS0.
[[0;32m  OK  [0m] Started Getty on tty1.
[[0;32m  OK  [0m] Reached target Login Prompts.
         Starting Set console scheme...
[[0;32m  OK  [0m] Reached target Multi-User System.
         Starting Execute cloud user/final scripts...
[[0;32m  OK  [0m] Reached target Graphical Interface.
         Starting Update UTMP about System Runlevel Changes...
[[0;32m  OK  [0m] Started Set console scheme.
[[0;32m  OK  [0m] Started Update UTMP about System Runlevel Changes.
[   42.571657] cloud-init[1243]: Cloud-init v. 0.7.9 running 'modules:final' at Tue, 27 Jun 2017 14:48:28 +0000. Up 42.44 seconds.
[   42.628618] cloud-init[1243]: Cloud-init v. 0.7.9 finished at Tue, 27 Jun 2017 14:48:28 +0000. Datasource DataSourceNoCloud [seed=/dev/sdb][dsmode=net].  Up 42.56 seconds
[[0;32m  OK  [0m] Started Execute cloud user/final scripts.
[[0;32m  OK  [0m] Reached target Cloud-init target.

Ubuntu 16.04.2 LTS ubuntu-xenial ttyS0

ubuntu-xenial login: [[0;32m  OK  [0m] Stopped target Cloud-init target.
[[0;32m  OK  [0m] Closed Load/Save RF Kill Switch Status /dev/rfkill Watch.
[[0;32m  OK  [0m] Stopped target Timers.
[[0;32m  OK  [0m] Stopped Timer to automatically refresh installed snaps.
[[0;32m  OK  [0m] Stopped Daily Cleanup of Temporary Directories.
         Stopping User Manager for UID 1000...
         Stopping Session 5 of user ubuntu.
[[0;32m  OK  [0m] Stopped target Graphical Interface.
         Stopping Accounts Service...
         Stopping Session 1 of user ubuntu.
[[0;32m  OK  [0m] Stopped Daily apt activities.
[[0;32m  OK  [0m] Stopped target System Time Synchronized.
[[0;32m  OK  [0m] Stopped Execute cloud user/final scripts.
[[0;32m  OK  [0m] Stopped Apply the settings specified in cloud-c         Stopping LSB: Set the CPU Frequency Scaling governor to "ondemand"...
[[0;32m  OK  [0m] Unmounted /var/lib/lxcfs.
[[0;32m  OK  [0m] Stopped Snappy daemon.
[[0;32m  OK  [0m] Stopped Accounts Service.
[[0;32m  OK  [0m] Stopped Regular background program processing daemon.
[[0;32m  OK  [0m] Stopped OpenBSD Secure Shell server.
[[0;32m  OK  [0m] Stopped ACPI event daemon.
[[0;32m  OK  [0m] Stopped Deferred execution scheduler.
[[0;32m  OK  [0m] Stopped System Logging Service.
[[0;32m  OK  [0m] Stopped Authenticate and Authorize Users to Run Privileged Tasks.
[[0;32m  OK  [0m] Stopped User Manager for UID 1000.
[[0;32m  OK  [0m] Stopped Serial Getty on ttyS0.
[[0;32m  OK  [0m] Stopped Getty on tty1.
[[0;32m  OK  [0m] Stopped Session 1 of user ubuntu.
[[0;32m  OK  [0m] Stopped Session 5 of user ubuntu.
[[0;32m  OK  [0m] Stopped Unattended Upgrades Shutdown.
[[0;32m  OK  [0m] Stopped D-Bus System Message Bus.
[[0;32m  OK  [0m] Stopped FUSE filesystem for LXC.
[[0;32m  OK  [0m] Stopped LXD - container startup/shutdown.
[[0;32m  OK  [0m] Stopped LSB: automatic crash report generation.
[[0;32m  OK  [0m] Stopped LSB: Record successful boot for GRUB.
[[0;32m  OK  [0m] Stopped LSB: MD monitoring daemon.
[[0;32m  OK  [0m] Stopped LSB: VirtualBox Linux Additions.
[[0;32m  OK  [0m] Stopped LSB: Set the CPU Frequency Scaling governor to "ondemand".
[[0;32m  OK  [0m] Stopped LSB: daemon to balance interrupts for SMP systems.
[[0;32m  OK  [0m] Removed slice system-getty.slice.
[[0;32m  OK  [0m] Removed slice system-serial\x2dgetty.slice.
[[0;32m  OK  [0m] Stopped /etc/rc.local Compatibility.
[[0;32m  OK  [0m] Removed slice User Slice of ubuntu.
         Stopping Login Service...
         Stopping Permit User Sessions...
[[0;32m  OK  [0m] Stopped Permit User Sessions.
[[0;32m  OK  [0m] Stopped target Remote File Systems.
[[0;32m  OK  [0m] Stopped target Remote File Systems (Pre).
         Stopping Login to default iSCSI targets...
[[0;32m  OK  [0m] Stopped Login Service.
[[0;32m  OK  [0m] Stopped target User and Group Name Lookups.
[[0;32m  OK  [0m] Stopped target Basic System.
[[0;32m  OK  [0m] Stopped target Sockets.
[[0;32m  OK  [0m] Closed ACPID Listen Socket.
[[0;32m  OK  [0m] Closed LXD - unix socket.
[[0;32m  OK  [0m] Closed Socket activation for snappy daemon.
[[0;32m  OK  [0m] Closed Syslog Socket.
[[0;32m  OK  [0m] Closed D-Bus System Message Bus Socket.
[[0;32m  OK  [0m] Closed UUID daemon activation socket.
[[0;32m  OK  [0m] Stopped target Slices.
[[0;32m  OK  [0m] Removed slice User and Session Slice.
[[0;32m  OK  [0m] Stopped target Paths.
[[0;32m  OK  [0m] Stopped Dispatch Password Requests to Console Directory Watch.
[[0;32m  OK  [0m] Stopped Forward Password Requests to Wall Directory Watch.
[[0;32m  OK  [0m] Stopped ACPI Events Check.
[[0;32m  OK  [0m] Stopped target System Initialization.
         Stopping Load/Save Random Seed...
[[0;32m  OK  [0m] Stopped Create Volatile Files and Directories.
[[0;32m  OK  [0m] Stopped target Encrypted Volumes.
[[0;32m  OK  [0m] Stopped target Swap.
[[0;32m  OK  [0m] Stopped Load/Save Random Seed.
[[0;32m  OK  [0m] Stopped Login to default iSCSI targets.
         Stopping iSCSI initiator daemon (iscsid)...
[[0;32m  OK  [0m] Stopped iSCSI initiator daemon (iscsid).
[[0;32m  OK  [0m] Stopped target Network is Online.
[[0;32m  OK  [0m] Stopped Initial cloud-init job (metadata service crawler).
[[0;32m  OK  [0m] Stopped target Network.
         Stopping Raise network interfaces...
[[0;32m  OK  [0m] Stopped Raise network interfaces.
[[0;32m  OK  [0m] Stopped target Local File Systems.
         Unmounting /run/user/1000...
         Unmounting /vagrant...
[[0;32m  OK  [0m] Stopped Apply Kernel Variables.
[[0;32m  OK  [0m] Stopped Load Kernel Modules.
[[0;32m  OK  [0m] Stopped target Network (Pre).
[[0;32m  OK  [0m] Stopped Initial cloud-init job (pre-networking).
[[0;32m  OK  [0m] Unmounted /run/user/1000.
[[0;32m  OK  [0m] Unmounted /vagrant.
[[0;32m  OK  [0m] Reached target Unmount All Filesystems.
[[0;32m  OK  [0m] Stopped target Local File Systems (Pre).
         Stopping Monitoring of LVM2 mirrors... dmeventd or progress polling...
[[0;32m  OK  [0m] Stopped Remount Root and Kernel File Systems.
[[0;32m  OK  [0m] Stopped Create Static Device Nodes in /dev.
[[0;32m  OK  [0m] Reached target Shutdown.
[ 6949.833694] reboot: Power down
